{"timestamp": "2026-07-09T09:58:33.920598+00:00", "level": "INFO", "logger": "commercehub.startup", "message": "application startup"}
{"timestamp": "2026-07-09T09:58:33.922737+00:00", "level": "INFO", "logger": "commercehub.shutdown", "message": "application shutdown"}
{"timestamp": "2026-07-09T09:58:59.602150+00:00", "level": "INFO", "logger": "commercehub.startup", "message": "application startup"}
{"timestamp": "2026-07-09T09:59:24.482211+00:00", "level": "INFO", "logger": "commercehub.request", "message": "request completed", "request_id": "7599b5de-3661-471d-8231-07548ae2565f"}
{"timestamp": "2026-07-09T09:59:57.946497+00:00", "level": "INFO", "logger": "commercehub.request", "message": "request completed", "request_id": "17618acd-e976-4de2-9f56-cef3f86d9e37"}
{"timestamp": "2026-07-09T09:59:58.253757+00:00", "level": "INFO", "logger": "commercehub.request", "message": "request completed", "request_id": "d089b8fd-e229-4714-b0cb-094e1dd48f22"}
{"timestamp": "2026-07-09T10:00:04.608519+00:00", "level": "INFO", "logger": "commercehub.request", "message": "request completed", "request_id": "8ab20522-8e2c-42d6-a873-71cd3a91718b"}
{"timestamp": "2026-07-09T10:00:13.441229+00:00", "level": "INFO", "logger": "commercehub.request", "message": "request completed", "request_id": "b0dfb652-8fcb-47fb-8d4d-d3c4cdbfa06b"}
{"timestamp": "2026-07-09T10:02:31.923810+00:00", "level": "INFO", "logger": "commercehub.request", "message": "request completed", "request_id": "6608b11b-475f-41d2-90f8-fdef88b3795e"}
{"timestamp": "2026-07-09T10:02:34.362608+00:00", "level": "INFO", "logger": "commercehub.request", "message": "request completed", "request_id": "b36530f0-900c-4047-b00b-8765db7d5551"}
{"timestamp": "2026-07-09T10:02:35.780454+00:00", "level": "INFO", "logger": "commercehub.request", "message": "request completed", "request_id": "c83413d6-d19a-4773-8f25-bcf7d8f46ac5"}
{"timestamp": "2026-07-09T10:03:40.871773+00:00", "level": "INFO", "logger": "commercehub.request", "message": "request completed", "request_id": "a802a3b6-4b3e-4e13-9d62-9443270e6a1b"}
{"timestamp": "2026-07-09T10:03:41.226297+00:00", "level": "INFO", "logger": "commercehub.request", "message": "request completed", "request_id": "14b0d927-ecc1-4238-8824-e756460d9a51"}
{"timestamp": "2026-07-09T10:03:41.770950+00:00", "level": "INFO", "logger": "commercehub.request", "message": "request completed", "request_id": "45dbb463-c360-4120-a5fc-f2aa9b6b2926"}
{"timestamp": "2026-07-09T10:03:41.771431+00:00", "level": "INFO", "logger": "commercehub.request", "message": "request completed", "request_id": "d462fd2e-85ca-42b7-8601-af6aeb1015e4"}
{"timestamp": "2026-07-09T10:03:41.931602+00:00", "level": "INFO", "logger": "commercehub.request", "message": "request completed", "request_id": "bd6f1fd3-ada6-4cc1-8fe2-45fcdf1b4082"}
{"timestamp": "2026-07-09T10:03:42.128998+00:00", "level": "INFO", "logger": "commercehub.request", "message": "request completed", "request_id": "7c4de094-001a-494e-a3f7-2fa6be265006"}
{"timestamp": "2026-07-09T10:03:42.129272+00:00", "level": "INFO", "logger": "commercehub.request", "message": "request completed", "request_id": "12795001-4e59-403f-b24c-5e29e44bbbe3"}
{"timestamp": "2026-07-09T10:03:42.683569+00:00", "level": "INFO", "logger": "commercehub.request", "message": "request completed", "request_id": "d3fc782f-aafa-439a-9676-43ce45cbf840"}
{"timestamp": "2026-07-09T10:03:42.683777+00:00", "level": "INFO", "logger": "commercehub.request", "message": "request completed", "request_id": "6ab69547-f076-489f-bf32-84fe82768a28"}
{"timestamp": "2026-07-09T10:03:43.040386+00:00", "level": "INFO", "logger": "commercehub.request", "message": "request completed", "request_id": "0825c8d7-a683-4c31-9871-5ef8ee98f408"}
{"timestamp": "2026-07-09T10:03:43.040975+00:00", "level": "INFO", "logger": "commercehub.request", "message": "request completed", "request_id": "4094f768-f0fa-4433-b47f-712f654c7550"}
{"timestamp": "2026-07-09T10:03:43.747485+00:00", "level": "INFO", "logger": "commercehub.request", "message": "request completed", "request_id": "a62caaad-a28b-4efc-9ef0-f0da24e676a6"}
{"timestamp": "2026-07-09T10:03:43.748165+00:00", "level": "INFO", "logger": "commercehub.request", "message": "request completed", "request_id": "d7f385f6-92d4-4a19-9d01-d8e84e27deba"}
{"timestamp": "2026-07-09T10:03:43.909044+00:00", "level": "INFO", "logger": "commercehub.request", "message": "request completed", "request_id": "a0ec4977-76a9-4bb6-b5b8-16d8bf56ca87"}
{"timestamp": "2026-07-09T10:03:43.909396+00:00", "level": "INFO", "logger": "commercehub.request", "message": "request completed", "request_id": "f5d8d456-d861-437d-a996-ec8a5171a355"}
{"timestamp": "2026-07-09T10:03:43.910358+00:00", "level": "INFO", "logger": "commercehub.request", "message": "request completed", "request_id": "cae4f7a1-68dc-4c4a-952e-f9b350adfd19"}
{"timestamp": "2026-07-09T10:03:43.911222+00:00", "level": "INFO", "logger": "commercehub.request", "message": "request completed", "request_id": "8cb0f356-79a2-401e-9488-c70d8b91d0a6"}
{"timestamp": "2026-07-09T10:03:44.264986+00:00", "level": "INFO", "logger": "commercehub.request", "message": "request completed", "request_id": "36080bd3-6d73-4805-b6b3-5e451375ccec"}
{"timestamp": "2026-07-09T10:03:44.265289+00:00", "level": "INFO", "logger": "commercehub.request", "message": "request completed", "request_id": "5c66313c-c56b-4679-aa60-1cdab5ffd997"}
{"timestamp": "2026-07-09T10:03:44.266887+00:00", "level": "INFO", "logger": "commercehub.request", "message": "request completed", "request_id": "8a8e5f2e-7343-41eb-ba1a-7dad7ab1706e"}
{"timestamp": "2026-07-09T10:03:44.267379+00:00", "level": "INFO", "logger": "commercehub.request", "message": "request completed", "request_id": "c76236cb-a3ce-4842-8cc7-7e31a003e16d"}
{"timestamp": "2026-07-09T10:03:44.753958+00:00", "level": "INFO", "logger": "commercehub.request", "message": "request completed", "request_id": "c57c4c21-d11e-4b89-9ff3-c63309b056bf"}
{"timestamp": "2026-07-09T10:03:44.754180+00:00", "level": "INFO", "logger": "commercehub.request", "message": "request completed", "request_id": "a102af96-2d9a-417a-8640-0b9f9fda65b9"}
{"timestamp": "2026-07-09T10:03:44.754273+00:00", "level": "INFO", "logger": "commercehub.request", "message": "request completed", "request_id": "a8ae7213-31e4-463b-a00e-2f0966719e6b"}
{"timestamp": "2026-07-09T10:03:44.754593+00:00", "level": "INFO", "logger": "commercehub.request", "message": "request completed", "request_id": "dadf3682-ecc0-4cba-8930-4b0802b95414"}
{"timestamp": "2026-07-09T10:03:44.969762+00:00", "level": "INFO", "logger": "commercehub.request", "message": "request completed", "request_id": "b9b869d9-3f9e-4dae-8cad-4922735b798f"}
{"timestamp": "2026-07-09T10:03:44.973059+00:00", "level": "INFO", "logger": "commercehub.request", "message": "request completed", "request_id": "0baf194e-f446-4428-bf91-776e18fb503f"}
{"timestamp": "2026-07-09T10:03:44.973291+00:00", "level": "INFO", "logger": "commercehub.request", "message": "request completed", "request_id": "8fc31d99-ec9a-46ac-893a-93ff813cf9e5"}
{"timestamp": "2026-07-09T10:03:44.973780+00:00", "level": "INFO", "logger": "commercehub.request", "message": "request completed", "request_id": "7a0cc0f9-cdb6-4de1-b7a8-acc06453f45e"}
{"timestamp": "2026-07-09T10:03:45.112675+00:00", "level": "INFO", "logger": "commercehub.request", "message": "request completed", "request_id": "dd018ca3-9929-4f3f-8075-b96c30143398"}
{"timestamp": "2026-07-09T10:03:45.113023+00:00", "level": "INFO", "logger": "commercehub.request", "message": "request completed", "request_id": "a0cf4ac4-536d-4eef-8bde-fadd27458adf"}
{"timestamp": "2026-07-09T10:03:45.113604+00:00", "level": "INFO", "logger": "commercehub.request", "message": "request completed", "request_id": "26b8e521-c04a-40e4-afcb-68c582aff0be"}
{"timestamp": "2026-07-09T10:03:45.114541+00:00", "level": "INFO", "logger": "commercehub.request", "message": "request completed", "request_id": "3b80e7f0-8d93-43cd-b324-a08659d0d039"}
{"timestamp": "2026-07-09T10:03:45.231131+00:00", "level": "INFO", "logger": "commercehub.request", "message": "request completed", "request_id": "ed04170b-ed27-47df-9753-3b46f0a94eff"}
{"timestamp": "2026-07-09T10:03:45.231363+00:00", "level": "INFO", "logger": "commercehub.request", "message": "request completed", "request_id": "d6ce10f4-3ecb-4c65-aa5a-97d69f9dc6a0"}
{"timestamp": "2026-07-09T10:03:45.231463+00:00", "level": "INFO", "logger": "commercehub.request", "message": "request completed", "request_id": "d83249af-b96f-43a2-b57f-c3ae2ba6ce5b"}
{"timestamp": "2026-07-09T10:03:45.231546+00:00", "level": "INFO", "logger": "commercehub.request", "message": "request completed", "request_id": "86bb5fa4-747c-4da5-9086-e5b4487f9388"}
{"timestamp": "2026-07-09T10:03:45.232050+00:00", "level": "INFO", "logger": "commercehub.request", "message": "request completed", "request_id": "1b402c9c-3a61-498a-83cd-d0dd58b7581c"}
{"timestamp": "2026-07-09T10:03:45.589522+00:00", "level": "INFO", "logger": "commercehub.request", "message": "request completed", "request_id": "27c3aaa3-e5fe-45da-b8c6-15264235fda1"}
{"timestamp": "2026-07-09T10:03:45.595176+00:00", "level": "INFO", "logger": "commercehub.request", "message": "request completed", "request_id": "8ea8f5d4-ce40-461b-ae9b-b5bd5a2a69da"}
{"timestamp": "2026-07-09T10:03:45.595421+00:00", "level": "INFO", "logger": "commercehub.request", "message": "request completed", "request_id": "ea8cc4a6-3f96-4b7a-955e-32320805861a"}
{"timestamp": "2026-07-09T10:03:45.595818+00:00", "level": "INFO", "logger": "commercehub.request", "message": "request completed", "request_id": "70cbb67c-1109-461d-8d4d-641b63063aa4"}
{"timestamp": "2026-07-09T10:03:45.596931+00:00", "level": "INFO", "logger": "commercehub.request", "message": "request completed", "request_id": "fc21dd8b-1142-43a3-b8f9-5106b136fb29"}
{"timestamp": "2026-07-09T10:03:45.819183+00:00", "level": "INFO", "logger": "commercehub.request", "message": "request completed", "request_id": "f7fd1b4f-feb4-429b-b997-80844e56b5f9"}
{"timestamp": "2026-07-09T10:03:45.819476+00:00", "level": "INFO", "logger": "commercehub.request", "message": "request completed", "request_id": "e2a3d5c5-7e71-4802-b1cc-2779d85caa50"}
{"timestamp": "2026-07-09T10:03:45.819969+00:00", "level": "INFO", "logger": "commercehub.request", "message": "request completed", "request_id": "42920295-0e32-4717-95f3-634004a07294"}
{"timestamp": "2026-07-09T10:03:45.820937+00:00", "level": "INFO", "logger": "commercehub.request", "message": "request completed", "request_id": "024989dc-93ab-45f0-b0d6-19741492b841"}
{"timestamp": "2026-07-09T10:03:46.297430+00:00", "level": "INFO", "logger": "commercehub.request", "message": "request completed", "request_id": "199e7106-5263-4d36-921e-bedc54c4f7d5"}
{"timestamp": "2026-07-09T10:03:46.302216+00:00", "level": "INFO", "logger": "commercehub.request", "message": "request completed", "request_id": "4a91891d-36cf-4860-bbb8-b1d03831b956"}
{"timestamp": "2026-07-09T10:03:46.302763+00:00", "level": "INFO", "logger": "commercehub.request", "message": "request completed", "request_id": "e31ea456-6e6e-46a3-b559-16cf7ed0d76c"}
{"timestamp": "2026-07-09T10:03:46.305186+00:00", "level": "INFO", "logger": "commercehub.request", "message": "request completed", "request_id": "042c3ac0-0a46-4863-a906-d552ec35e189"}
{"timestamp": "2026-07-09T10:03:46.305449+00:00", "level": "INFO", "logger": "commercehub.request", "message": "request completed", "request_id": "aece7b3a-5d8c-480e-b85b-cbd775c5a536"}
{"timestamp": "2026-07-09T10:03:46.466629+00:00", "level": "INFO", "logger": "commercehub.request", "message": "request completed", "request_id": "9500f302-21d0-4d9c-bfac-2332e92ec879"}
{"timestamp": "2026-07-09T10:03:46.824878+00:00", "level": "INFO", "logger": "commercehub.request", "message": "request completed", "request_id": "bcdffa98-4f49-4b6b-9670-dd1d4c492afd"}
{"timestamp": "2026-07-09T10:03:46.827590+00:00", "level": "INFO", "logger": "commercehub.request", "message": "request completed", "request_id": "b6abe9a8-d201-4b91-8e18-bcb78fe8c926"}
{"timestamp": "2026-07-09T10:03:46.827898+00:00", "level": "INFO", "logger": "commercehub.request", "message": "request completed", "request_id": "df4802ac-4d5c-4e08-9dee-2080cb2ee4cb"}
{"timestamp": "2026-07-09T10:03:47.187030+00:00", "level": "INFO", "logger": "commercehub.request", "message": "request completed", "request_id": "481205dc-4ad2-4cf1-9db0-614fc187028a"}
{"timestamp": "2026-07-09T10:03:47.187643+00:00", "level": "INFO", "logger": "commercehub.request", "message": "request completed", "request_id": "84e6d0d8-3c80-41e3-bb7c-e8f0ac1d7af1"}
{"timestamp": "2026-07-09T10:03:47.531639+00:00", "level": "INFO", "logger": "commercehub.request", "message": "request completed", "request_id": "d51f8899-c53f-4ad3-89fa-cc5cb386fec6"}
{"timestamp": "2026-07-09T10:03:47.897337+00:00", "level": "INFO", "logger": "commercehub.request", "message": "request completed", "request_id": "fdb04473-81b3-47bd-968e-e07f500cf582"}
{"timestamp": "2026-07-09T10:03:47.897817+00:00", "level": "INFO", "logger": "commercehub.request", "message": "request completed", "request_id": "acff5959-fe1e-48c0-a3c6-1bfd86281917"}
{"timestamp": "2026-07-09T10:03:48.538945+00:00", "level": "INFO", "logger": "commercehub.request", "message": "request completed", "request_id": "ef5a2d70-1aa5-41f3-a8f3-901cbd84490a"}
{"timestamp": "2026-07-09T10:03:48.895418+00:00", "level": "INFO", "logger": "commercehub.request", "message": "request completed", "request_id": "4080eeb3-547f-467e-aa10-6abab8551e46"}
{"timestamp": "2026-07-09T10:03:49.604937+00:00", "level": "INFO", "logger": "commercehub.request", "message": "request completed", "request_id": "250a1cc3-3e52-4615-8a73-41f5645ca398"}
{"timestamp": "2026-07-09T10:03:49.907615+00:00", "level": "INFO", "logger": "commercehub.request", "message": "request completed", "request_id": "90023274-0863-4631-892f-658518100a93"}
{"timestamp": "2026-07-09T10:03:49.908546+00:00", "level": "INFO", "logger": "commercehub.request", "message": "request completed", "request_id": "86af5f2e-e020-43fe-8fa6-aa4e12953c91"}
{"timestamp": "2026-07-09T10:03:50.266156+00:00", "level": "INFO", "logger": "commercehub.request", "message": "request completed", "request_id": "2f24ac39-a7f0-4b0e-ae28-7ac978c3714d"}
{"timestamp": "2026-07-09T10:03:50.266571+00:00", "level": "INFO", "logger": "commercehub.request", "message": "request completed", "request_id": "b0951f96-a487-479f-9413-f1231e3d1be8"}
{"timestamp": "2026-07-09T10:03:50.978237+00:00", "level": "INFO", "logger": "commercehub.request", "message": "request completed", "request_id": "01d53397-dd8b-4c4d-96ff-20b697642289"}
{"timestamp": "2026-07-09T10:03:50.980404+00:00", "level": "INFO", "logger": "commercehub.request", "message": "request completed", "request_id": "4994ed45-fcd0-4160-a75c-f71bff6ad77c"}
{"timestamp": "2026-07-09T10:03:51.614365+00:00", "level": "INFO", "logger": "commercehub.request", "message": "request completed", "request_id": "d127248c-9a3d-4fae-a872-68dfd563eb90"}
{"timestamp": "2026-07-09T10:03:51.973279+00:00", "level": "INFO", "logger": "commercehub.request", "message": "request completed", "request_id": "a64e290d-b621-4e55-b629-bb489617510f"}
{"timestamp": "2026-07-09T10:03:52.682780+00:00", "level": "INFO", "logger": "commercehub.request", "message": "request completed", "request_id": "7ca5a13c-ba41-46a4-869b-b1901d04f478"}
{"timestamp": "2026-07-09T10:04:13.346659+00:00", "level": "INFO", "logger": "commercehub.request", "message": "request completed", "request_id": "6a61df99-54dd-4040-83fe-c972384ba444"}
{"timestamp": "2026-07-09T10:04:13.346940+00:00", "level": "INFO", "logger": "commercehub.request", "message": "request completed", "request_id": "4e367d6c-bdd1-4692-b358-e8111cd2e64f"}
{"timestamp": "2026-07-09T10:04:13.347045+00:00", "level": "INFO", "logger": "commercehub.request", "message": "request completed", "request_id": "99ce815b-899f-4dae-9a92-a7e58ad350de"}
{"timestamp": "2026-07-09T10:04:13.347585+00:00", "level": "INFO", "logger": "commercehub.request", "message": "request completed", "request_id": "f767c1f1-bc68-4894-bbff-3f7702af93e4"}
{"timestamp": "2026-07-09T10:04:13.705084+00:00", "level": "INFO", "logger": "commercehub.request", "message": "request completed", "request_id": "9add6509-2aad-4cc1-87ed-594dcb56e2f5"}
{"timestamp": "2026-07-09T10:04:13.705499+00:00", "level": "INFO", "logger": "commercehub.request", "message": "request completed", "request_id": "e3488e79-8139-48fa-8815-bc388a215d6a"}
{"timestamp": "2026-07-09T10:04:13.706115+00:00", "level": "INFO", "logger": "commercehub.request", "message": "request completed", "request_id": "d84c2940-290b-4791-a0a8-a9e10b92ec07"}
{"timestamp": "2026-07-09T10:04:13.707185+00:00", "level": "INFO", "logger": "commercehub.request", "message": "request completed", "request_id": "48beda67-3001-4666-8d4f-3894707da227"}
{"timestamp": "2026-07-09T10:04:14.414908+00:00", "level": "INFO", "logger": "commercehub.request", "message": "request completed", "request_id": "399789eb-935b-4100-8f37-f6578ce1f03d"}
{"timestamp": "2026-07-09T10:04:14.415378+00:00", "level": "INFO", "logger": "commercehub.request", "message": "request completed", "request_id": "18c5a059-ad48-44d8-8fc6-83ecb6a6b006"}
{"timestamp": "2026-07-09T10:04:14.415812+00:00", "level": "INFO", "logger": "commercehub.request", "message": "request completed", "request_id": "93debf7e-b315-4df5-a6bd-cef10d53c67b"}
{"timestamp": "2026-07-09T10:04:14.417841+00:00", "level": "INFO", "logger": "commercehub.request", "message": "request completed", "request_id": "daf30e3d-9887-4f67-af96-a5fc453d5ecb"}
{"timestamp": "2026-07-09T10:04:14.738768+00:00", "level": "INFO", "logger": "commercehub.request", "message": "request completed", "request_id": "7ee3fb77-b59e-499c-8c67-d273730a45a6"}
{"timestamp": "2026-07-09T10:04:15.095379+00:00", "level": "INFO", "logger": "commercehub.request", "message": "request completed", "request_id": "03301dd1-6d5b-4812-8116-99559aa92d8d"}
{"timestamp": "2026-07-09T10:04:15.801173+00:00", "level": "INFO", "logger": "commercehub.request", "message": "request completed", "request_id": "6793c1eb-3513-41d5-8ec6-109ba1d0235d"}
{"timestamp": "2026-07-09T10:04:16.807138+00:00", "level": "INFO", "logger": "commercehub.request", "message": "request completed", "request_id": "b1a91029-d55e-49e1-b1f6-c60938d8a40a"}
{"timestamp": "2026-07-09T10:04:17.162975+00:00", "level": "INFO", "logger": "commercehub.request", "message": "request completed", "request_id": "8a6b46fd-e79b-424c-a0b0-f3957f9c9785"}
{"timestamp": "2026-07-09T10:04:17.869338+00:00", "level": "INFO", "logger": "commercehub.request", "message": "request completed", "request_id": "7bfdfb7a-cf8e-4647-85ab-122762f77681"}
{"timestamp": "2026-07-09T10:04:18.007830+00:00", "level": "INFO", "logger": "commercehub.request", "message": "request completed", "request_id": "d37a65b1-5720-4ca8-b392-b87d7e6148f1"}
{"timestamp": "2026-07-09T10:04:18.362795+00:00", "level": "INFO", "logger": "commercehub.request", "message": "request completed", "request_id": "a900f942-744d-4b27-a1a7-22ea1add1981"}
{"timestamp": "2026-07-09T10:04:19.068840+00:00", "level": "INFO", "logger": "commercehub.request", "message": "request completed", "request_id": "c1b9db3d-24e7-4040-86e9-887623bea4be"}
{"timestamp": "2026-07-09T10:04:19.484937+00:00", "level": "INFO", "logger": "commercehub.request", "message": "request completed", "request_id": "2c68da73-4227-42c2-a823-61e9ea94d148"}
{"timestamp": "2026-07-09T10:04:19.485529+00:00", "level": "INFO", "logger": "commercehub.request", "message": "request completed", "request_id": "227312ac-acfe-4627-90e2-c0c6d3de9e7f"}
{"timestamp": "2026-07-09T10:04:19.842346+00:00", "level": "INFO", "logger": "commercehub.request", "message": "request completed", "request_id": "4bb6fdf7-ea45-4e8b-a079-4ccb670ee5b6"}
{"timestamp": "2026-07-09T10:04:19.842748+00:00", "level": "INFO", "logger": "commercehub.request", "message": "request completed", "request_id": "dd1cfacb-7441-488e-bd93-4090a80d7124"}
{"timestamp": "2026-07-09T10:04:20.550981+00:00", "level": "INFO", "logger": "commercehub.request", "message": "request completed", "request_id": "176b97cb-4d5b-4637-95ff-3b9e94ac765b"}
{"timestamp": "2026-07-09T10:04:20.551201+00:00", "level": "INFO", "logger": "commercehub.request", "message": "request completed", "request_id": "f5746976-9984-44d2-bee6-947596f40f87"}
{"timestamp": "2026-07-09T10:04:21.558747+00:00", "level": "INFO", "logger": "commercehub.request", "message": "request completed", "request_id": "de5df095-f72a-40ae-9115-ee63cb346c04"}
{"timestamp": "2026-07-09T10:04:21.559230+00:00", "level": "INFO", "logger": "commercehub.request", "message": "request completed", "request_id": "38af7945-3153-48bb-9ed0-e84d9b15e6c4"}
{"timestamp": "2026-07-09T10:04:21.915460+00:00", "level": "INFO", "logger": "commercehub.request", "message": "request completed", "request_id": "b1b65743-2e36-488f-9401-e11d60a58af1"}
{"timestamp": "2026-07-09T10:04:21.915878+00:00", "level": "INFO", "logger": "commercehub.request", "message": "request completed", "request_id": "c78c5d2d-f34f-46cb-adb5-ef7829aed5c2"}
{"timestamp": "2026-07-09T10:04:22.622466+00:00", "level": "INFO", "logger": "commercehub.request", "message": "request completed", "request_id": "6722eaf8-3d93-48b2-8f1f-19a652f4db2f"}
{"timestamp": "2026-07-09T10:04:22.622758+00:00", "level": "INFO", "logger": "commercehub.request", "message": "request completed", "request_id": "ea550431-ee4e-4a4c-a8b5-72707b541c44"}
{"timestamp": "2026-07-09T10:04:24.627392+00:00", "level": "INFO", "logger": "commercehub.request", "message": "request completed", "request_id": "ef650cc1-2e4b-4154-868c-d1fe00877d66"}
{"timestamp": "2026-07-09T10:04:24.983145+00:00", "level": "INFO", "logger": "commercehub.request", "message": "request completed", "request_id": "76b15ee8-f16c-4b9b-ac8f-945c297f9d81"}
{"timestamp": "2026-07-09T10:04:25.689538+00:00", "level": "INFO", "logger": "commercehub.request", "message": "request completed", "request_id": "35c9c8f6-8f08-44dd-97ce-457735c2b8b1"}
{"timestamp": "2026-07-09T10:04:31.086311+00:00", "level": "INFO", "logger": "commercehub.request", "message": "request completed", "request_id": "d51d786e-7454-4f45-870d-8781ffc59f0f"}
{"timestamp": "2026-07-09T10:04:31.086778+00:00", "level": "INFO", "logger": "commercehub.request", "message": "request completed", "request_id": "b9e7b616-a767-45f0-8509-bbffd5544b03"}
{"timestamp": "2026-07-09T10:04:31.086989+00:00", "level": "INFO", "logger": "commercehub.request", "message": "request completed", "request_id": "67d42405-7b48-4e0e-9c0a-211a55972d70"}
{"timestamp": "2026-07-09T10:04:31.087157+00:00", "level": "INFO", "logger": "commercehub.request", "message": "request completed", "request_id": "4ae60adc-584a-4786-a2a9-3b6ef89d7eea"}
{"timestamp": "2026-07-09T10:04:31.446678+00:00", "level": "INFO", "logger": "commercehub.request", "message": "request completed", "request_id": "a6df89f6-21fc-40cb-b313-4ef818fff7e0"}
{"timestamp": "2026-07-09T10:04:31.447144+00:00", "level": "INFO", "logger": "commercehub.request", "message": "request completed", "request_id": "9890ccd6-d071-4375-8ec1-d37b9be634f6"}
{"timestamp": "2026-07-09T10:04:31.447363+00:00", "level": "INFO", "logger": "commercehub.request", "message": "request completed", "request_id": "9b3fb3aa-c2ae-49fd-bd81-3d194648e5ae"}
{"timestamp": "2026-07-09T10:04:31.448304+00:00", "level": "INFO", "logger": "commercehub.request", "message": "request completed", "request_id": "04b35811-0eb4-44c9-8cf8-a418c0d50e92"}
{"timestamp": "2026-07-09T10:04:32.155765+00:00", "level": "INFO", "logger": "commercehub.request", "message": "request completed", "request_id": "a11f951f-1241-48a1-a708-bfb473ffdd3c"}
{"timestamp": "2026-07-09T10:04:32.157228+00:00", "level": "INFO", "logger": "commercehub.request", "message": "request completed", "request_id": "b4cc5fe9-5d7f-4af6-a98a-983257cc57fd"}
{"timestamp": "2026-07-09T10:04:32.157742+00:00", "level": "INFO", "logger": "commercehub.request", "message": "request completed", "request_id": "b32295fe-e43d-4985-b799-c57ce41f8c29"}
{"timestamp": "2026-07-09T10:04:32.158819+00:00", "level": "INFO", "logger": "commercehub.request", "message": "request completed", "request_id": "191adec8-307b-401f-a39d-a4a6611533f6"}
{"timestamp": "2026-07-09T10:04:33.161814+00:00", "level": "INFO", "logger": "commercehub.request", "message": "request completed", "request_id": "404ad299-97b9-4f9a-be1e-0ed5f41d47a6"}
{"timestamp": "2026-07-09T10:04:33.165819+00:00", "level": "INFO", "logger": "commercehub.request", "message": "request completed", "request_id": "e3c182ac-4e9a-4c76-b2ea-3df9f0ffb2b5"}
{"timestamp": "2026-07-09T10:04:33.166122+00:00", "level": "INFO", "logger": "commercehub.request", "message": "request completed", "request_id": "b3401f1b-4561-41f7-951b-d3b2999fc5b5"}
{"timestamp": "2026-07-09T10:04:33.166915+00:00", "level": "INFO", "logger": "commercehub.request", "message": "request completed", "request_id": "62de8f9e-f3f5-42e6-93ec-32cc7246e790"}
{"timestamp": "2026-07-09T10:04:33.518553+00:00", "level": "INFO", "logger": "commercehub.request", "message": "request completed", "request_id": "179b0a98-d1b9-4be8-a71a-7d60748462ab"}
{"timestamp": "2026-07-09T10:04:33.524331+00:00", "level": "INFO", "logger": "commercehub.request", "message": "request completed", "request_id": "2942a90f-fec6-4b69-b17f-ac460d7f88ee"}
{"timestamp": "2026-07-09T10:04:33.524636+00:00", "level": "INFO", "logger": "commercehub.request", "message": "request completed", "request_id": "058e15eb-3afb-4a8f-a8f5-3610e45ddfb5"}
{"timestamp": "2026-07-09T10:04:33.525125+00:00", "level": "INFO", "logger": "commercehub.request", "message": "request completed", "request_id": "a996f3e8-5065-44f8-867f-ac0ce3a71870"}
{"timestamp": "2026-07-09T10:04:34.223996+00:00", "level": "INFO", "logger": "commercehub.request", "message": "request completed", "request_id": "703ba8e6-96f1-41e0-8d25-dd43364cb6b2"}
{"timestamp": "2026-07-09T10:04:34.231449+00:00", "level": "INFO", "logger": "commercehub.request", "message": "request completed", "request_id": "ea781e9d-8220-4cd8-9a6a-16918b07bcd2"}
{"timestamp": "2026-07-09T10:04:34.232297+00:00", "level": "INFO", "logger": "commercehub.request", "message": "request completed", "request_id": "92c41c83-b39b-4e50-bd67-5b0a77356977"}
{"timestamp": "2026-07-09T10:04:34.232627+00:00", "level": "INFO", "logger": "commercehub.request", "message": "request completed", "request_id": "6883066a-cc6c-44b0-895e-fb74251f5ba1"}
{"timestamp": "2026-07-09T10:05:20.622033+00:00", "level": "INFO", "logger": "commercehub.request", "message": "request completed", "request_id": "7fe672c4-2b58-4975-a053-d65c87bd319a"}
{"timestamp": "2026-07-09T10:05:20.978282+00:00", "level": "INFO", "logger": "commercehub.request", "message": "request completed", "request_id": "4b0ead71-fad0-4667-bd38-5e41abd15796"}
{"timestamp": "2026-07-09T10:05:21.684419+00:00", "level": "INFO", "logger": "commercehub.request", "message": "request completed", "request_id": "ade1fa28-fc7e-4630-bfa7-2ebdd97a2ae2"}
{"timestamp": "2026-07-09T10:06:28.268136+00:00", "level": "INFO", "logger": "commercehub.request", "message": "request completed", "request_id": "a4adc29c-c427-4705-9b79-642d8bdf4c72"}
{"timestamp": "2026-07-09T10:06:30.564809+00:00", "level": "INFO", "logger": "commercehub.request", "message": "request completed", "request_id": "680d2986-1d5e-4a41-b5d0-51d78f66ac65"}
{"timestamp": "2026-07-09T10:06:31.233187+00:00", "level": "INFO", "logger": "commercehub.request", "message": "request completed", "request_id": "fe939909-cb76-4b0d-a037-6a6b59c3b75c"}
{"timestamp": "2026-07-09T10:06:32.845104+00:00", "level": "INFO", "logger": "commercehub.request", "message": "request completed", "request_id": "042ec885-c1dc-457f-9cea-d8552e6c560e"}
{"timestamp": "2026-07-09T10:06:42.138503+00:00", "level": "INFO", "logger": "commercehub.request", "message": "request completed", "request_id": "73f55f9c-7715-41b5-b985-26822d5f21bc"}
{"timestamp": "2026-07-09T10:06:42.704136+00:00", "level": "INFO", "logger": "commercehub.request", "message": "request completed", "request_id": "e8b2a1b0-2e81-455b-8c20-60a775496f30"}
{"timestamp": "2026-07-09T10:06:43.658639+00:00", "level": "INFO", "logger": "commercehub.request", "message": "request completed", "request_id": "6959c5e2-bdad-479d-ac5a-257550dfb8b5"}
{"timestamp": "2026-07-09T10:06:44.218913+00:00", "level": "INFO", "logger": "commercehub.request", "message": "request completed", "request_id": "8a912058-66ca-44e8-9180-f566b6b3255b"}
{"timestamp": "2026-07-09T10:06:53.156100+00:00", "level": "INFO", "logger": "commercehub.request", "message": "request completed", "request_id": "2a596757-5478-4375-8f21-f3bcc468f16e"}
{"timestamp": "2026-07-09T10:07:15.377485+00:00", "level": "INFO", "logger": "commercehub.shutdown", "message": "application shutdown"}
{"timestamp": "2026-07-09T10:07:31.264496+00:00", "level": "INFO", "logger": "commercehub.startup", "message": "application startup"}
{"timestamp": "2026-07-09T10:07:44.461485+00:00", "level": "INFO", "logger": "commercehub.request", "message": "request completed", "request_id": "bccd8065-74e7-444f-b0f8-e3c44fd0a4df"}
{"timestamp": "2026-07-09T10:07:45.925696+00:00", "level": "INFO", "logger": "commercehub.request", "message": "request completed", "request_id": "531430d7-6f77-414b-b610-7350530ef71f"}
{"timestamp": "2026-07-09T10:07:46.416919+00:00", "level": "INFO", "logger": "commercehub.request", "message": "request completed", "request_id": "0c94d4df-4490-495f-a7c0-f16a3b00eed8"}
{"timestamp": "2026-07-09T10:08:07.337166+00:00", "level": "INFO", "logger": "commercehub.shutdown", "message": "application shutdown"}
{"timestamp": "2026-07-09T10:08:19.175808+00:00", "level": "INFO", "logger": "commercehub.startup", "message": "application startup"}
{"timestamp": "2026-07-09T10:08:36.413655+00:00", "level": "INFO", "logger": "commercehub.request", "message": "request completed", "request_id": "407db598-ea20-4f77-890f-ca54496dc8d2"}
{"timestamp": "2026-07-09T10:08:37.089448+00:00", "level": "INFO", "logger": "commercehub.request", "message": "request completed", "request_id": "5abe61d5-766d-4f7e-9eee-036f5caab82d"}
{"timestamp": "2026-07-09T10:08:38.068447+00:00", "level": "INFO", "logger": "commercehub.request", "message": "request completed", "request_id": "8e39f9c6-dcd9-4b33-84a8-3573608949ac"}
{"timestamp": "2026-07-09T10:08:38.604178+00:00", "level": "INFO", "logger": "commercehub.request", "message": "request completed", "request_id": "6b75d6bf-512b-422b-b31c-b41b088db304"}
{"timestamp": "2026-07-09T10:08:49.412036+00:00", "level": "INFO", "logger": "commercehub.request", "message": "request completed", "request_id": "b387b735-3246-4c87-af94-4ebb7ca5f8e8"}
{"timestamp": "2026-07-09T10:08:49.418251+00:00", "level": "INFO", "logger": "commercehub.request", "message": "request completed", "request_id": "f96f8e9a-8693-4719-ab31-488c9bb00183"}
{"timestamp": "2026-07-09T10:08:49.424205+00:00", "level": "INFO", "logger": "commercehub.request", "message": "request completed", "request_id": "c1ab56ea-f05d-4c22-8e31-cd7c9fd45b44"}
{"timestamp": "2026-07-09T10:08:49.433952+00:00", "level": "INFO", "logger": "commercehub.request", "message": "request completed", "request_id": "e43ddeba-adfd-4c2d-bb03-dd0e6a9e7745"}
{"timestamp": "2026-07-09T10:08:49.446524+00:00", "level": "INFO", "logger": "commercehub.request", "message": "request completed", "request_id": "bfdddf1d-868e-4b1a-9e73-66dd42050e90"}
{"timestamp": "2026-07-09T10:08:49.453995+00:00", "level": "INFO", "logger": "commercehub.request", "message": "request completed", "request_id": "216e4301-bb4d-47e4-99ee-473aba04501e"}
{"timestamp": "2026-07-09T10:08:49.456994+00:00", "level": "INFO", "logger": "commercehub.request", "message": "request completed", "request_id": "8a90e3de-9308-44b0-9d0b-e6cf6966165e"}
{"timestamp": "2026-07-09T10:08:49.462098+00:00", "level": "INFO", "logger": "commercehub.request", "message": "request completed", "request_id": "b101f89b-3294-49c6-a0c3-7629ad1f3750"}
{"timestamp": "2026-07-09T10:32:55.819322+00:00", "level": "INFO", "logger": "commercehub.request", "message": "request completed", "request_id": "44ce9f84-03b8-4a3f-869d-93c98cb56dfe"}
{"timestamp": "2026-07-09T10:32:56.028784+00:00", "level": "INFO", "logger": "commercehub.request", "message": "request completed", "request_id": "3f50b3c0-bcfc-474f-a941-a7a781755809"}
{"timestamp": "2026-07-09T10:33:00.708673+00:00", "level": "INFO", "logger": "commercehub.request", "message": "request completed", "request_id": "57d3ab79-18e0-4c02-820a-85f3aaa8130e"}
{"timestamp": "2026-07-09T10:33:08.045775+00:00", "level": "INFO", "logger": "commercehub.request", "message": "request completed", "request_id": "291e346a-9bc3-450b-b447-3d69497d9fad"}
{"timestamp": "2026-07-09T10:33:16.761138+00:00", "level": "INFO", "logger": "commercehub.request", "message": "request completed", "request_id": "c31d3146-d457-4fdd-b4c0-d1344200d2d5"}
{"timestamp": "2026-07-09T10:33:27.644852+00:00", "level": "INFO", "logger": "commercehub.request", "message": "request completed", "request_id": "f32a8b46-25a0-4566-b000-d939d797914e"}
{"timestamp": "2026-07-09T10:33:34.769383+00:00", "level": "INFO", "logger": "commercehub.request", "message": "request completed", "request_id": "24989033-c451-47a1-907c-8a85c7fb02b5"}
{"timestamp": "2026-07-09T10:33:42.832808+00:00", "level": "INFO", "logger": "commercehub.request", "message": "request completed", "request_id": "65af780c-6596-4c70-ab9a-69430131060e"}
{"timestamp": "2026-07-09T10:35:36.670435+00:00", "level": "INFO", "logger": "commercehub.request", "message": "request completed", "request_id": "ccfd7bd1-aa09-4ffe-b2c0-2fd3ee010b2c"}
{"timestamp": "2026-07-09T10:38:57.887873+00:00", "level": "INFO", "logger": "commercehub.request", "message": "request completed", "request_id": "4871f516-48e9-4e17-8d99-e50b0612ab6d"}
{"timestamp": "2026-07-09T10:39:49.188974+00:00", "level": "INFO", "logger": "commercehub.request", "message": "request completed", "request_id": "a99e09bb-e9d9-4b07-90f3-c04c02a1726d"}
{"timestamp": "2026-07-09T10:42:58.572233+00:00", "level": "INFO", "logger": "commercehub.request", "message": "request completed", "request_id": "96b6dbab-792e-4978-b2a8-2d5f769fd832"}
{"timestamp": "2026-07-09T10:43:46.715725+00:00", "level": "INFO", "logger": "commercehub.request", "message": "request completed", "request_id": "16613945-76e0-4d2c-80d1-2f266dacf51a"}
{"timestamp": "2026-07-09T10:43:59.300949+00:00", "level": "INFO", "logger": "commercehub.request", "message": "request completed", "request_id": "cbff720e-89f1-4f15-b41e-f954e930d724"}
{"timestamp": "2026-07-09T10:52:29.935311+00:00", "level": "INFO", "logger": "commercehub.request", "message": "request completed", "request_id": "c27adbd4-0926-47c7-9c11-25ed5a35e495"}
{"timestamp": "2026-07-09T10:52:29.936209+00:00", "level": "INFO", "logger": "commercehub.request", "message": "request completed", "request_id": "8fedb2a7-a327-459d-8ea6-0e51a60ac180"}
{"timestamp": "2026-07-09T10:52:29.936287+00:00", "level": "INFO", "logger": "commercehub.request", "message": "request completed", "request_id": "22a47b20-a50c-4b8e-a129-2da7d62b3b25"}
{"timestamp": "2026-07-09T10:52:29.936375+00:00", "level": "INFO", "logger": "commercehub.request", "message": "request completed", "request_id": "a5fb4b11-10be-4e6d-9c77-c621a72a4d08"}
{"timestamp": "2026-07-09T10:52:29.938520+00:00", "level": "INFO", "logger": "commercehub.request", "message": "request completed", "request_id": "655a6b83-36be-4e54-ae82-efb578900b6a"}
{"timestamp": "2026-07-09T10:52:29.939175+00:00", "level": "INFO", "logger": "commercehub.request", "message": "request completed", "request_id": "b6890dcb-3626-4ec0-8aff-1a38839e6cc0"}
{"timestamp": "2026-07-09T10:52:29.940604+00:00", "level": "INFO", "logger": "commercehub.request", "message": "request completed", "request_id": "cf34d74e-629d-4e6d-bded-40cbfa9cd14e"}
{"timestamp": "2026-07-09T10:52:29.944334+00:00", "level": "INFO", "logger": "commercehub.request", "message": "request completed", "request_id": "790b5a98-85f8-43ad-acca-d0bac59db8fb"}
{"timestamp": "2026-07-09T10:52:29.976370+00:00", "level": "INFO", "logger": "commercehub.request", "message": "request completed", "request_id": "ad6b9d88-f95b-48b9-af9b-23a0b5542a07"}
{"timestamp": "2026-07-09T10:52:29.995779+00:00", "level": "INFO", "logger": "commercehub.request", "message": "request completed", "request_id": "ca8e870a-c262-4a9a-a388-d38e98a5dc30"}
{"timestamp": "2026-07-09T10:52:29.995858+00:00", "level": "INFO", "logger": "commercehub.request", "message": "request completed", "request_id": "13f86e62-e9da-4571-a6d8-fdde72faa2bb"}
{"timestamp": "2026-07-09T10:52:30.002780+00:00", "level": "INFO", "logger": "commercehub.request", "message": "request completed", "request_id": "90c18e4b-cb2d-41ca-87ff-3f68aca1c7ca"}
{"timestamp": "2026-07-09T10:52:30.015265+00:00", "level": "INFO", "logger": "commercehub.request", "message": "request completed", "request_id": "5027372f-227c-4439-8fc6-b0f3f1c62748"}
{"timestamp": "2026-07-09T10:52:30.016196+00:00", "level": "INFO", "logger": "commercehub.request", "message": "request completed", "request_id": "9d67304e-3d20-4e7c-912f-208dd1d012a9"}
{"timestamp": "2026-07-09T10:52:30.017907+00:00", "level": "INFO", "logger": "commercehub.request", "message": "request completed", "request_id": "3b294b23-c008-4b7d-b1c6-b46d46b29a87"}
{"timestamp": "2026-07-09T10:52:30.023426+00:00", "level": "INFO", "logger": "commercehub.request", "message": "request completed", "request_id": "be1d8ded-18c0-4f15-8b66-438bbd6c7ae9"}
{"timestamp": "2026-07-09T10:53:03.905214+00:00", "level": "INFO", "logger": "commercehub.shutdown", "message": "application shutdown"}
