{"timestamp": "2026-07-09T11:23:58.098629+00:00", "level": "INFO", "logger": "commercehub.startup", "message": "application startup"}
{"timestamp": "2026-07-09T11:23:58.100335+00:00", "level": "INFO", "logger": "commercehub.shutdown", "message": "application shutdown"}
{"timestamp": "2026-07-09T11:24:08.218182+00:00", "level": "INFO", "logger": "commercehub.startup", "message": "application startup"}
{"timestamp": "2026-07-09T11:24:21.462113+00:00", "level": "INFO", "logger": "commercehub.request", "message": "request completed", "request_id": "9bfda253-6297-4868-beee-d0962c20753a"}
{"timestamp": "2026-07-09T11:24:22.964537+00:00", "level": "INFO", "logger": "commercehub.request", "message": "request completed", "request_id": "8d496c05-e390-4adf-9418-b533fb3699b8"}
{"timestamp": "2026-07-09T11:24:23.891019+00:00", "level": "INFO", "logger": "commercehub.request", "message": "request completed", "request_id": "5176fa34-68cf-4565-b519-11cf15d14e28"}
{"timestamp": "2026-07-09T11:24:24.585901+00:00", "level": "INFO", "logger": "commercehub.request", "message": "request completed", "request_id": "9e3177b1-adab-4f75-a958-c6a252b48a22"}
{"timestamp": "2026-07-09T11:24:44.633117+00:00", "level": "INFO", "logger": "commercehub.request", "message": "request completed", "request_id": "f2804026-5148-435f-b4a5-722d709e2ff4"}
{"timestamp": "2026-07-09T11:24:56.145516+00:00", "level": "INFO", "logger": "commercehub.request", "message": "request completed", "request_id": "472a9d43-7f10-4549-8be3-7f08d5c129f0"}
{"timestamp": "2026-07-09T11:25:34.641739+00:00", "level": "INFO", "logger": "commercehub.request", "message": "request completed", "request_id": "4a39c38d-2c7d-4fb0-9051-cb9517efefca"}
{"timestamp": "2026-07-09T11:25:34.992508+00:00", "level": "INFO", "logger": "commercehub.request", "message": "request completed", "request_id": "a06d32f8-fe65-4cd0-b6d0-113f26e94e52"}
{"timestamp": "2026-07-09T11:25:58.871721+00:00", "level": "INFO", "logger": "commercehub.request", "message": "request completed", "request_id": "610832db-19f5-457f-8c19-eb2b5ecd141b"}
{"timestamp": "2026-07-09T11:25:58.924368+00:00", "level": "INFO", "logger": "commercehub.request", "message": "request completed", "request_id": "c0b36edc-c9de-4580-8f28-7ca811d8f324"}
{"timestamp": "2026-07-09T11:26:03.937160+00:00", "level": "INFO", "logger": "commercehub.request", "message": "request completed", "request_id": "ce241c8d-b917-420f-9172-344a6a096e0a"}
{"timestamp": "2026-07-09T11:35:24.818720+00:00", "level": "INFO", "logger": "commercehub.startup", "message": "application startup"}
{"timestamp": "2026-07-09T11:35:24.820305+00:00", "level": "INFO", "logger": "commercehub.shutdown", "message": "application shutdown"}
{"timestamp": "2026-07-09T11:37:02.397733+00:00", "level": "INFO", "logger": "commercehub.startup", "message": "application startup"}
{"timestamp": "2026-07-09T11:37:02.399733+00:00", "level": "INFO", "logger": "commercehub.shutdown", "message": "application shutdown"}
{"timestamp": "2026-07-09T11:37:12.142709+00:00", "level": "INFO", "logger": "commercehub.shutdown", "message": "application shutdown"}
{"timestamp": "2026-07-09T11:38:39.555583+00:00", "level": "INFO", "logger": "commercehub.startup", "message": "application startup"}
{"timestamp": "2026-07-09T11:39:15.747777+00:00", "level": "INFO", "logger": "commercehub.shutdown", "message": "application shutdown"}
{"timestamp": "2026-07-09T11:53:07.935800+00:00", "level": "INFO", "logger": "commercehub.startup", "message": "application startup"}
{"timestamp": "2026-07-09T11:53:43.167415+00:00", "level": "INFO", "logger": "commercehub.request", "message": "request completed", "request_id": "a3acb41a-4c44-4361-940e-5c4b9ebc3e34"}
{"timestamp": "2026-07-09T11:54:05.350189+00:00", "level": "INFO", "logger": "commercehub.request", "message": "request completed", "request_id": "a890c047-319e-4366-a417-623f7c807d90"}
{"timestamp": "2026-07-09T11:56:55.500773+00:00", "level": "INFO", "logger": "commercehub.request", "message": "request completed", "request_id": "29e632ee-1ace-448f-83db-05c456b7762d"}
{"timestamp": "2026-07-09T11:56:55.525328+00:00", "level": "INFO", "logger": "commercehub.request", "message": "request completed", "request_id": "76387dc2-29b7-46d9-bf97-66d2f9736f20"}
{"timestamp": "2026-07-09T11:56:55.560832+00:00", "level": "INFO", "logger": "commercehub.request", "message": "request completed", "request_id": "33134899-7594-4ca9-af87-3ac5de000683"}
{"timestamp": "2026-07-09T11:56:55.572473+00:00", "level": "INFO", "logger": "commercehub.request", "message": "request completed", "request_id": "af4965e9-128b-4bcc-871c-e5a541bc5d63"}
{"timestamp": "2026-07-09T11:57:06.422911+00:00", "level": "INFO", "logger": "commercehub.request", "message": "request completed", "request_id": "60c772d7-f665-454c-8327-0f6019058475"}
{"timestamp": "2026-07-09T11:57:06.423175+00:00", "level": "INFO", "logger": "commercehub.request", "message": "request completed", "request_id": "8391dda0-7299-4a71-b3d9-938d8751aa84"}
{"timestamp": "2026-07-09T11:57:06.423277+00:00", "level": "INFO", "logger": "commercehub.request", "message": "request completed", "request_id": "898a1874-5179-4dea-a584-d6545cd370b3"}
{"timestamp": "2026-07-09T11:57:06.423581+00:00", "level": "INFO", "logger": "commercehub.request", "message": "request completed", "request_id": "5bd42657-7108-4c87-99a9-53c339ca818e"}
{"timestamp": "2026-07-09T11:57:06.444441+00:00", "level": "INFO", "logger": "commercehub.request", "message": "request completed", "request_id": "a95b588f-3bae-41a9-b976-e8c0c8902736"}
{"timestamp": "2026-07-09T11:57:06.451574+00:00", "level": "INFO", "logger": "commercehub.request", "message": "request completed", "request_id": "8a259463-6e19-4590-829c-1dac1a3cb51c"}
{"timestamp": "2026-07-09T11:57:06.451769+00:00", "level": "INFO", "logger": "commercehub.request", "message": "request completed", "request_id": "3efc08cb-3f94-48c6-8613-6466421dfc9c"}
{"timestamp": "2026-07-09T11:57:06.453741+00:00", "level": "INFO", "logger": "commercehub.request", "message": "request completed", "request_id": "a6fd2457-1783-4b5e-95ef-7fa6db9f76db"}
{"timestamp": "2026-07-09T11:58:54.127900+00:00", "level": "INFO", "logger": "commercehub.request", "message": "request completed", "request_id": "0ecb4b37-afaa-4d62-87f3-beac1507226f"}
{"timestamp": "2026-07-09T11:58:54.161951+00:00", "level": "INFO", "logger": "commercehub.request", "message": "request completed", "request_id": "1c8f7dba-666e-4967-8201-0af44e14e73e"}
{"timestamp": "2026-07-09T11:58:54.222619+00:00", "level": "INFO", "logger": "commercehub.request", "message": "request completed", "request_id": "b8310d84-edb0-4a77-bbf5-6b9b2ae1c589"}
{"timestamp": "2026-07-09T11:58:54.230744+00:00", "level": "INFO", "logger": "commercehub.request", "message": "request completed", "request_id": "7f7fd983-2b8e-4b99-852d-d5a9a6c8d33d"}
{"timestamp": "2026-07-09T12:01:06.923536+00:00", "level": "INFO", "logger": "commercehub.request", "message": "request completed", "request_id": "e0a1dfb7-6140-4074-b536-2427b89519e2"}
{"timestamp": "2026-07-09T12:01:14.719839+00:00", "level": "INFO", "logger": "commercehub.request", "message": "request completed", "request_id": "9fde1905-268c-483a-bb2c-b7e60226aea7"}
{"timestamp": "2026-07-09T12:01:14.752038+00:00", "level": "INFO", "logger": "commercehub.request", "message": "request completed", "request_id": "3cc5a67b-6025-4445-b8d2-490b31c09028"}
{"timestamp": "2026-07-09T12:01:14.765731+00:00", "level": "INFO", "logger": "commercehub.request", "message": "request completed", "request_id": "deb4decb-4534-426f-93ba-640b286acd96"}
{"timestamp": "2026-07-09T12:01:14.775396+00:00", "level": "INFO", "logger": "commercehub.request", "message": "request completed", "request_id": "4bff135e-c572-495c-9def-09313eec51b5"}
{"timestamp": "2026-07-09T12:01:25.618869+00:00", "level": "INFO", "logger": "commercehub.request", "message": "request completed", "request_id": "d3279cfa-1cc5-41ca-96f0-3fafcf4ad0b5"}
{"timestamp": "2026-07-09T12:01:25.628068+00:00", "level": "INFO", "logger": "commercehub.request", "message": "request completed", "request_id": "3885e944-5520-42cb-9052-5fdbcdc44f68"}
{"timestamp": "2026-07-09T12:01:25.640432+00:00", "level": "INFO", "logger": "commercehub.request", "message": "request completed", "request_id": "ff20e2cd-57da-495a-8cae-15dcb6594a16"}
{"timestamp": "2026-07-09T12:01:30.589470+00:00", "level": "INFO", "logger": "commercehub.request", "message": "request completed", "request_id": "314040f8-13e5-4f57-9f58-b05ee9f27ab4"}
{"timestamp": "2026-07-09T12:01:30.590439+00:00", "level": "INFO", "logger": "commercehub.request", "message": "request completed", "request_id": "bbea022f-38e9-4064-a4ba-3c003a10c2fe"}
{"timestamp": "2026-07-09T12:01:30.591348+00:00", "level": "INFO", "logger": "commercehub.request", "message": "request completed", "request_id": "ad9455f8-3b71-42c1-8276-04e87843bb67"}
{"timestamp": "2026-07-09T12:01:30.592252+00:00", "level": "INFO", "logger": "commercehub.request", "message": "request completed", "request_id": "f9d4dd3b-d92a-433e-956d-5a00b4dd7b63"}
{"timestamp": "2026-07-09T12:01:30.622536+00:00", "level": "INFO", "logger": "commercehub.request", "message": "request completed", "request_id": "d3fbf139-18fe-4c4b-9fee-16167074e5d3"}
{"timestamp": "2026-07-09T12:01:30.625029+00:00", "level": "INFO", "logger": "commercehub.request", "message": "request completed", "request_id": "e3ab0a09-47a8-4fc5-a02f-2aeb99e43f39"}
{"timestamp": "2026-07-09T12:01:30.625090+00:00", "level": "INFO", "logger": "commercehub.request", "message": "request completed", "request_id": "9681b446-b922-4ebb-8b3f-03c19d6aa778"}
{"timestamp": "2026-07-09T12:01:30.626211+00:00", "level": "INFO", "logger": "commercehub.request", "message": "request completed", "request_id": "9160d028-84d6-4b40-ab88-b2d607f81ac5"}
{"timestamp": "2026-07-09T12:01:31.945671+00:00", "level": "INFO", "logger": "commercehub.request", "message": "request completed", "request_id": "2f252ab8-fd5c-44c3-8768-23b4d2813da2"}
{"timestamp": "2026-07-09T12:01:31.945902+00:00", "level": "INFO", "logger": "commercehub.request", "message": "request completed", "request_id": "ccacf5df-e695-4aad-ad52-b51b62f294ed"}
{"timestamp": "2026-07-09T12:01:31.946010+00:00", "level": "INFO", "logger": "commercehub.request", "message": "request completed", "request_id": "817a1eeb-c877-4d03-b58a-b83b122ceacf"}
{"timestamp": "2026-07-09T12:01:31.946096+00:00", "level": "INFO", "logger": "commercehub.request", "message": "request completed", "request_id": "2604c342-027f-4d65-8c82-d627549be679"}
{"timestamp": "2026-07-09T12:01:31.968512+00:00", "level": "INFO", "logger": "commercehub.request", "message": "request completed", "request_id": "cb1a5bef-b217-45ca-afe9-a30c1c7cb7e1"}
{"timestamp": "2026-07-09T12:01:31.970545+00:00", "level": "INFO", "logger": "commercehub.request", "message": "request completed", "request_id": "88b02102-15b9-41a4-ba80-cb15e758ad57"}
{"timestamp": "2026-07-09T12:01:31.972221+00:00", "level": "INFO", "logger": "commercehub.request", "message": "request completed", "request_id": "d4a3b249-64be-4952-b4a0-799ee85571d3"}
{"timestamp": "2026-07-09T12:01:31.972297+00:00", "level": "INFO", "logger": "commercehub.request", "message": "request completed", "request_id": "da470925-b600-4c0c-b812-4d633dd9d54e"}
{"timestamp": "2026-07-09T12:01:33.605676+00:00", "level": "INFO", "logger": "commercehub.request", "message": "request completed", "request_id": "71eb666b-4569-4989-a425-a95880be8e64"}
{"timestamp": "2026-07-09T12:01:33.605932+00:00", "level": "INFO", "logger": "commercehub.request", "message": "request completed", "request_id": "b8f297c6-8598-4c0d-8691-8fde70cd8c73"}
{"timestamp": "2026-07-09T12:01:33.606135+00:00", "level": "INFO", "logger": "commercehub.request", "message": "request completed", "request_id": "49ca02c5-b478-4451-9e81-0a1148634db1"}
{"timestamp": "2026-07-09T12:01:33.607006+00:00", "level": "INFO", "logger": "commercehub.request", "message": "request completed", "request_id": "c246c282-a734-42b7-9f30-a6b7a89f4c72"}
{"timestamp": "2026-07-09T12:01:33.607516+00:00", "level": "INFO", "logger": "commercehub.request", "message": "request completed", "request_id": "24ec7918-cd7d-471c-9148-4f6aadcf7c76"}
{"timestamp": "2026-07-09T12:01:33.633827+00:00", "level": "INFO", "logger": "commercehub.request", "message": "request completed", "request_id": "13c195e2-1240-4f83-828c-0d87f011bc33"}
{"timestamp": "2026-07-09T12:01:33.634186+00:00", "level": "INFO", "logger": "commercehub.request", "message": "request completed", "request_id": "9fe3abf1-3a26-400c-95c4-afb6527f0700"}
{"timestamp": "2026-07-09T12:01:33.634556+00:00", "level": "INFO", "logger": "commercehub.request", "message": "request completed", "request_id": "9ff4f350-f026-4038-80ba-e8454e113ff5"}
{"timestamp": "2026-07-09T12:01:33.635207+00:00", "level": "INFO", "logger": "commercehub.request", "message": "request completed", "request_id": "6ee64676-c23d-474e-8faf-bb8f52b12ea5"}
{"timestamp": "2026-07-09T12:01:33.642967+00:00", "level": "INFO", "logger": "commercehub.request", "message": "request completed", "request_id": "bb493227-12fe-4630-b081-bd9ae6fb7489"}
{"timestamp": "2026-07-09T12:09:51.744059+00:00", "level": "INFO", "logger": "commercehub.request", "message": "request completed", "request_id": "59c1cfc1-bbef-4b7b-8ff4-76a1ac75ed37"}
{"timestamp": "2026-07-09T12:09:51.745072+00:00", "level": "INFO", "logger": "commercehub.request", "message": "request completed", "request_id": "80af1ef8-9e68-4914-b126-b458db9049c5"}
{"timestamp": "2026-07-09T12:09:51.745253+00:00", "level": "INFO", "logger": "commercehub.request", "message": "request completed", "request_id": "770118ab-9108-4d62-b815-4613f757cde5"}
{"timestamp": "2026-07-09T12:09:51.746614+00:00", "level": "INFO", "logger": "commercehub.request", "message": "request completed", "request_id": "3e8084f8-fefe-43fe-9614-ca717c09ff0d"}
{"timestamp": "2026-07-09T12:09:52.615107+00:00", "level": "INFO", "logger": "commercehub.request", "message": "request completed", "request_id": "4bbd09d6-eb1e-4fc4-be20-0fc919363cb6"}
{"timestamp": "2026-07-09T12:09:52.619269+00:00", "level": "INFO", "logger": "commercehub.request", "message": "request completed", "request_id": "b4a694a8-1dfe-4013-ad08-ab0dce3e8f4a"}
{"timestamp": "2026-07-09T12:09:52.620103+00:00", "level": "INFO", "logger": "commercehub.request", "message": "request completed", "request_id": "1c2ca555-78c4-4355-a5e6-a68d8fe7e5a6"}
{"timestamp": "2026-07-09T12:09:52.620318+00:00", "level": "INFO", "logger": "commercehub.request", "message": "request completed", "request_id": "53b26d12-9272-468b-b7b6-2a43e5c1374c"}
{"timestamp": "2026-07-09T12:09:52.620575+00:00", "level": "INFO", "logger": "commercehub.request", "message": "request completed", "request_id": "7de2563a-f3f2-4537-810f-43c743695dce"}
{"timestamp": "2026-07-09T12:10:02.247940+00:00", "level": "INFO", "logger": "commercehub.request", "message": "request completed", "request_id": "390677c4-b563-46ff-a5fa-1c8581dcafe9"}
{"timestamp": "2026-07-09T12:10:02.249033+00:00", "level": "INFO", "logger": "commercehub.request", "message": "request completed", "request_id": "f577781a-8863-4495-b6e6-0dec0bc1c0b0"}
{"timestamp": "2026-07-09T12:10:02.251238+00:00", "level": "INFO", "logger": "commercehub.request", "message": "request completed", "request_id": "040e77af-f030-4bb7-a108-e811237ce819"}
{"timestamp": "2026-07-09T12:10:02.251705+00:00", "level": "INFO", "logger": "commercehub.request", "message": "request completed", "request_id": "16603820-08ec-456b-bc05-f85190221280"}
{"timestamp": "2026-07-09T12:10:13.323567+00:00", "level": "INFO", "logger": "commercehub.request", "message": "request completed", "request_id": "5ac8ff9a-0449-4daa-8cd2-fdafe0fb1eaa"}
{"timestamp": "2026-07-09T12:10:13.327854+00:00", "level": "INFO", "logger": "commercehub.request", "message": "request completed", "request_id": "fdcb7ce4-ed4f-4327-9453-1e766e6134b6"}
{"timestamp": "2026-07-09T12:10:26.479716+00:00", "level": "INFO", "logger": "commercehub.request", "message": "request completed", "request_id": "3a0bf7dd-409c-4077-8f1d-0783c3f0fbc1"}
{"timestamp": "2026-07-09T12:10:26.505009+00:00", "level": "INFO", "logger": "commercehub.request", "message": "request completed", "request_id": "4f3b9fa2-75af-48f0-bd4e-5ba856c7de53"}
{"timestamp": "2026-07-09T12:22:04.595855+00:00", "level": "INFO", "logger": "commercehub.request", "message": "request completed", "request_id": "a1e9b780-c34f-496c-bfa5-c3f6f1459e4e"}
{"timestamp": "2026-07-09T12:22:04.596255+00:00", "level": "INFO", "logger": "commercehub.request", "message": "request completed", "request_id": "51691a31-4a58-4684-ac86-b43e215b4fb7"}
{"timestamp": "2026-07-09T12:22:04.596649+00:00", "level": "INFO", "logger": "commercehub.request", "message": "request completed", "request_id": "0af278f6-cdec-46bd-91f1-62c541f50b27"}
{"timestamp": "2026-07-09T12:22:04.597179+00:00", "level": "INFO", "logger": "commercehub.request", "message": "request completed", "request_id": "5325f84b-0fcd-4438-a0a1-414cfc05ece9"}
{"timestamp": "2026-07-09T12:22:04.610933+00:00", "level": "INFO", "logger": "commercehub.request", "message": "request completed", "request_id": "39091113-7e5a-495d-ad80-a39d1eff1c01"}
{"timestamp": "2026-07-09T12:22:04.613944+00:00", "level": "INFO", "logger": "commercehub.request", "message": "request completed", "request_id": "d93cbdba-1548-4f4b-bae4-a77d65bc413c"}
{"timestamp": "2026-07-09T12:22:04.614034+00:00", "level": "INFO", "logger": "commercehub.request", "message": "request completed", "request_id": "76e6f12e-4c3b-4550-9480-ee3b389276f2"}
{"timestamp": "2026-07-09T12:22:04.618626+00:00", "level": "INFO", "logger": "commercehub.request", "message": "request completed", "request_id": "0b711e5c-c902-477c-a72f-f2483accaada"}
{"timestamp": "2026-07-09T12:22:04.870139+00:00", "level": "INFO", "logger": "commercehub.request", "message": "request completed", "request_id": "7a60b85f-fb51-4943-888e-3dbb94b59b56"}
{"timestamp": "2026-07-09T12:22:04.870208+00:00", "level": "INFO", "logger": "commercehub.request", "message": "request completed", "request_id": "c98f87f6-cc22-4e1c-b6ed-5909abdb1b99"}
{"timestamp": "2026-07-09T12:22:04.870512+00:00", "level": "INFO", "logger": "commercehub.request", "message": "request completed", "request_id": "0e4d698a-4c0f-405f-8670-970ba74fa740"}
{"timestamp": "2026-07-09T12:22:04.871278+00:00", "level": "INFO", "logger": "commercehub.request", "message": "request completed", "request_id": "25172fe9-6b90-4f49-8633-58b094340651"}
{"timestamp": "2026-07-09T12:22:04.879666+00:00", "level": "INFO", "logger": "commercehub.request", "message": "request completed", "request_id": "6996b886-174a-405c-a9e7-74518f96eec5"}
{"timestamp": "2026-07-09T12:22:04.883544+00:00", "level": "INFO", "logger": "commercehub.request", "message": "request completed", "request_id": "4974819f-a48e-4886-bb3a-5d88a5bdcf58"}
{"timestamp": "2026-07-09T12:22:04.885043+00:00", "level": "INFO", "logger": "commercehub.request", "message": "request completed", "request_id": "cef9c62f-9107-48e9-b3b9-8b586d9fe0c3"}
{"timestamp": "2026-07-09T12:22:04.896668+00:00", "level": "INFO", "logger": "commercehub.request", "message": "request completed", "request_id": "9d4bfc78-b5b5-472a-94b3-543583eb3677"}
{"timestamp": "2026-07-09T12:22:40.541609+00:00", "level": "INFO", "logger": "commercehub.request", "message": "request completed", "request_id": "8492729a-3ae7-45d4-afa0-372eca08c890"}
{"timestamp": "2026-07-09T12:22:40.541959+00:00", "level": "INFO", "logger": "commercehub.request", "message": "request completed", "request_id": "7cd2ca16-d2cd-41d0-8c4c-4e5fec6bf758"}
{"timestamp": "2026-07-09T12:22:40.542002+00:00", "level": "INFO", "logger": "commercehub.request", "message": "request completed", "request_id": "36a59e69-506b-47bc-897e-b93b9ffd10af"}
{"timestamp": "2026-07-09T12:22:40.542313+00:00", "level": "INFO", "logger": "commercehub.request", "message": "request completed", "request_id": "58dd1ea2-59d6-4ce1-aa4a-68deb5938534"}
{"timestamp": "2026-07-09T12:22:40.554137+00:00", "level": "INFO", "logger": "commercehub.request", "message": "request completed", "request_id": "459881f8-d219-47d2-956c-632c67d16d52"}
{"timestamp": "2026-07-09T12:22:40.555102+00:00", "level": "INFO", "logger": "commercehub.request", "message": "request completed", "request_id": "a6e3bdef-a605-4681-9680-1ef46b3bac51"}
{"timestamp": "2026-07-09T12:22:40.557185+00:00", "level": "INFO", "logger": "commercehub.request", "message": "request completed", "request_id": "11ca8b03-931c-4617-989f-f0dc2a5de530"}
{"timestamp": "2026-07-09T12:22:40.557261+00:00", "level": "INFO", "logger": "commercehub.request", "message": "request completed", "request_id": "8741c1c4-c69d-4c53-9661-b0956f9865fe"}
{"timestamp": "2026-07-09T12:22:40.729397+00:00", "level": "INFO", "logger": "commercehub.request", "message": "request completed", "request_id": "64d0c2b1-8054-4a4b-84d8-0efd5cfdb5c4"}
{"timestamp": "2026-07-09T12:22:40.729464+00:00", "level": "INFO", "logger": "commercehub.request", "message": "request completed", "request_id": "d91b7181-6b89-458c-9dbe-606129da80d7"}
{"timestamp": "2026-07-09T12:22:40.729499+00:00", "level": "INFO", "logger": "commercehub.request", "message": "request completed", "request_id": "e8c61314-a299-47d1-b40d-ecafbc50167d"}
{"timestamp": "2026-07-09T12:22:40.729528+00:00", "level": "INFO", "logger": "commercehub.request", "message": "request completed", "request_id": "89d1fdb4-24a6-46e9-b5b5-8ba2b403efc0"}
{"timestamp": "2026-07-09T12:22:40.741110+00:00", "level": "INFO", "logger": "commercehub.request", "message": "request completed", "request_id": "c4ebded4-7ba6-49e6-8a1c-a0bbc763ef25"}
{"timestamp": "2026-07-09T12:22:40.741348+00:00", "level": "INFO", "logger": "commercehub.request", "message": "request completed", "request_id": "2dbb3ec7-4640-428a-9983-587b65331dd1"}
{"timestamp": "2026-07-09T12:22:40.743701+00:00", "level": "INFO", "logger": "commercehub.request", "message": "request completed", "request_id": "4d4ad608-876e-40af-98ef-c3ef5b940226"}
{"timestamp": "2026-07-09T12:22:40.744460+00:00", "level": "INFO", "logger": "commercehub.request", "message": "request completed", "request_id": "c4f59e16-6c93-4999-8e0d-f8e79b4c4bc4"}
{"timestamp": "2026-07-09T12:23:00.890821+00:00", "level": "INFO", "logger": "commercehub.request", "message": "request completed", "request_id": "1a823f4e-8461-47d7-9b5d-5dbc95591d59"}
{"timestamp": "2026-07-09T12:23:04.644405+00:00", "level": "INFO", "logger": "commercehub.request", "message": "request completed", "request_id": "bb6411f5-e97d-469a-be27-5aad20ca05cc"}
{"timestamp": "2026-07-09T12:23:32.890158+00:00", "level": "INFO", "logger": "commercehub.request", "message": "request completed", "request_id": "82523292-d131-4638-ae46-04f735484164"}
{"timestamp": "2026-07-09T12:24:51.694833+00:00", "level": "INFO", "logger": "commercehub.request", "message": "request completed", "request_id": "e13df1f5-d818-4d49-a971-64ae2ba78b6a"}
{"timestamp": "2026-07-09T12:24:51.705949+00:00", "level": "INFO", "logger": "commercehub.request", "message": "request completed", "request_id": "bab88e9c-11af-43ae-89a7-776e6a8b3896"}
{"timestamp": "2026-07-09T12:25:15.118079+00:00", "level": "INFO", "logger": "commercehub.request", "message": "request completed", "request_id": "685c51fd-8c67-4895-b130-dd398e6083ca"}
{"timestamp": "2026-07-09T12:25:15.153145+00:00", "level": "INFO", "logger": "commercehub.request", "message": "request completed", "request_id": "c39d35ad-9784-441c-ae69-a562bec1ad5e"}
{"timestamp": "2026-07-09T12:25:15.187310+00:00", "level": "INFO", "logger": "commercehub.request", "message": "request completed", "request_id": "1efe1aed-e579-4b88-ae47-4d5bf151b3d8"}
{"timestamp": "2026-07-09T12:25:15.195456+00:00", "level": "INFO", "logger": "commercehub.request", "message": "request completed", "request_id": "6438b44b-aeae-4b5d-bfc8-d409dd491de3"}
{"timestamp": "2026-07-09T12:25:23.128949+00:00", "level": "INFO", "logger": "commercehub.request", "message": "request completed", "request_id": "9ebf9357-a82c-4356-a834-bf15e2e0253d"}
{"timestamp": "2026-07-09T12:25:23.153003+00:00", "level": "INFO", "logger": "commercehub.request", "message": "request completed", "request_id": "37f8fef9-7010-41fe-961b-b0fdb99517eb"}
{"timestamp": "2026-07-09T12:25:25.359447+00:00", "level": "INFO", "logger": "commercehub.request", "message": "request completed", "request_id": "91bbe855-a871-4a7e-9705-12b02454f0e2"}
{"timestamp": "2026-07-09T12:25:25.359739+00:00", "level": "INFO", "logger": "commercehub.request", "message": "request completed", "request_id": "c838e3d2-9586-4d8d-8eb3-835dc1979397"}
{"timestamp": "2026-07-09T12:25:25.361182+00:00", "level": "INFO", "logger": "commercehub.request", "message": "request completed", "request_id": "e4a045b2-e963-44d2-ae2b-dce8efcd4629"}
{"timestamp": "2026-07-09T12:25:25.361783+00:00", "level": "INFO", "logger": "commercehub.request", "message": "request completed", "request_id": "6b63b160-a224-4c56-9097-8257599f0ad0"}
{"timestamp": "2026-07-09T12:25:25.376465+00:00", "level": "INFO", "logger": "commercehub.request", "message": "request completed", "request_id": "521e5d35-2f98-4c92-b522-78a10adadd5e"}
{"timestamp": "2026-07-09T12:25:25.379500+00:00", "level": "INFO", "logger": "commercehub.request", "message": "request completed", "request_id": "d7d1617f-ac74-4b33-8ce7-842de4f2aff7"}
{"timestamp": "2026-07-09T12:25:25.380203+00:00", "level": "INFO", "logger": "commercehub.request", "message": "request completed", "request_id": "c09aaecf-cfea-4703-b093-a9bafc1d589b"}
{"timestamp": "2026-07-09T12:25:25.380547+00:00", "level": "INFO", "logger": "commercehub.request", "message": "request completed", "request_id": "bd367ca2-27fc-4ac4-b0b1-ff1f4c526629"}
{"timestamp": "2026-07-09T12:25:27.952913+00:00", "level": "INFO", "logger": "commercehub.request", "message": "request completed", "request_id": "2ad5ed98-f804-41f7-b6c4-447f93b7a46a"}
{"timestamp": "2026-07-09T12:25:27.975792+00:00", "level": "INFO", "logger": "commercehub.request", "message": "request completed", "request_id": "da1f16a4-1cf6-4ccc-be68-91cd6ccc6f69"}
{"timestamp": "2026-07-09T12:25:47.977303+00:00", "level": "INFO", "logger": "commercehub.request", "message": "request completed", "request_id": "d8c4e61d-68d7-4b56-8410-7dd43e086205"}
{"timestamp": "2026-07-09T12:25:53.157569+00:00", "level": "INFO", "logger": "commercehub.request", "message": "request completed", "request_id": "60ae7bcc-a7da-4a25-8276-2c2539bb98f1"}
{"timestamp": "2026-07-09T12:25:53.157947+00:00", "level": "INFO", "logger": "commercehub.request", "message": "request completed", "request_id": "32031243-4a1b-42f3-abbd-c1d2c74b6069"}
{"timestamp": "2026-07-09T12:25:53.158457+00:00", "level": "INFO", "logger": "commercehub.request", "message": "request completed", "request_id": "767f44ab-b210-431b-b55f-ed5855aa0696"}
{"timestamp": "2026-07-09T12:25:53.159707+00:00", "level": "INFO", "logger": "commercehub.request", "message": "request completed", "request_id": "ab060f11-fb80-4410-adb4-75a182489ecc"}
{"timestamp": "2026-07-09T12:25:53.179788+00:00", "level": "INFO", "logger": "commercehub.request", "message": "request completed", "request_id": "eec97ce4-978c-4441-a840-680bd1812109"}
{"timestamp": "2026-07-09T12:25:53.180042+00:00", "level": "INFO", "logger": "commercehub.request", "message": "request completed", "request_id": "b8a8aa95-afce-4b93-a1e4-ab5c44ee12e0"}
{"timestamp": "2026-07-09T12:25:53.183938+00:00", "level": "INFO", "logger": "commercehub.request", "message": "request completed", "request_id": "e996756e-1866-4b0d-aedc-0a27b213ba1d"}
{"timestamp": "2026-07-09T12:25:53.184865+00:00", "level": "INFO", "logger": "commercehub.request", "message": "request completed", "request_id": "65332bd7-600f-437e-8a03-e840f963164d"}
{"timestamp": "2026-07-09T12:25:57.065207+00:00", "level": "INFO", "logger": "commercehub.request", "message": "request completed", "request_id": "494f6b0c-6164-412d-a38c-d2cdac5f3c28"}
{"timestamp": "2026-07-09T12:25:57.068155+00:00", "level": "INFO", "logger": "commercehub.request", "message": "request completed", "request_id": "b51674f5-144c-4ae6-b554-d97c99ccf72a"}
{"timestamp": "2026-07-09T12:26:00.281745+00:00", "level": "INFO", "logger": "commercehub.request", "message": "request completed", "request_id": "b951cb61-3927-4789-90c4-865ddd53f92b"}
{"timestamp": "2026-07-09T12:26:00.282125+00:00", "level": "INFO", "logger": "commercehub.request", "message": "request completed", "request_id": "f87ebe15-a97b-4255-ae9c-763dc3865484"}
{"timestamp": "2026-07-09T12:26:00.283112+00:00", "level": "INFO", "logger": "commercehub.request", "message": "request completed", "request_id": "0d87f499-dc41-4cd6-ba16-75254ba63094"}
{"timestamp": "2026-07-09T12:26:00.284139+00:00", "level": "INFO", "logger": "commercehub.request", "message": "request completed", "request_id": "f2cc0529-dbd9-4bfd-a168-3c2d56820915"}
{"timestamp": "2026-07-09T12:26:00.286298+00:00", "level": "INFO", "logger": "commercehub.request", "message": "request completed", "request_id": "42b36056-393d-4fd0-9245-addc1d50865a"}
{"timestamp": "2026-07-09T12:26:00.303945+00:00", "level": "INFO", "logger": "commercehub.request", "message": "request completed", "request_id": "30799ada-92e6-4c06-9fc0-a1fd674624f3"}
{"timestamp": "2026-07-09T12:26:00.304321+00:00", "level": "INFO", "logger": "commercehub.request", "message": "request completed", "request_id": "66303c9c-1cba-41a1-92a7-a406425a5c76"}
{"timestamp": "2026-07-09T12:26:00.304624+00:00", "level": "INFO", "logger": "commercehub.request", "message": "request completed", "request_id": "3756cdff-9899-4528-84fa-76af0f245356"}
{"timestamp": "2026-07-09T12:26:00.305851+00:00", "level": "INFO", "logger": "commercehub.request", "message": "request completed", "request_id": "adf76527-7f4b-477a-805c-baac61b14cb4"}
{"timestamp": "2026-07-09T12:26:00.310066+00:00", "level": "INFO", "logger": "commercehub.request", "message": "request completed", "request_id": "565db553-05a3-4e83-b748-8ead3bb86bbc"}
{"timestamp": "2026-07-09T12:26:01.060868+00:00", "level": "INFO", "logger": "commercehub.request", "message": "request completed", "request_id": "fc360124-24c5-4e4d-839b-3f758daeddda"}
{"timestamp": "2026-07-09T12:26:01.061168+00:00", "level": "INFO", "logger": "commercehub.request", "message": "request completed", "request_id": "64cef57d-c1d6-4eb0-9d74-0fa778f57bc1"}
{"timestamp": "2026-07-09T12:26:01.061378+00:00", "level": "INFO", "logger": "commercehub.request", "message": "request completed", "request_id": "8fe740ec-5b03-4051-8aba-25126f7315bb"}
{"timestamp": "2026-07-09T12:26:01.061581+00:00", "level": "INFO", "logger": "commercehub.request", "message": "request completed", "request_id": "7a58a50d-8c9e-494a-b318-265a2885af0b"}
{"timestamp": "2026-07-09T12:26:01.079252+00:00", "level": "INFO", "logger": "commercehub.request", "message": "request completed", "request_id": "b41099fb-a793-4369-95c2-6202baeb69a4"}
{"timestamp": "2026-07-09T12:26:01.080131+00:00", "level": "INFO", "logger": "commercehub.request", "message": "request completed", "request_id": "d7939649-d899-4632-bd16-2e9c8f580e5c"}
{"timestamp": "2026-07-09T12:26:01.080661+00:00", "level": "INFO", "logger": "commercehub.request", "message": "request completed", "request_id": "618bcd63-2bb5-4bd2-ab4d-d2d5714c43e1"}
{"timestamp": "2026-07-09T12:26:01.082525+00:00", "level": "INFO", "logger": "commercehub.request", "message": "request completed", "request_id": "ad6981ae-4540-401a-a86b-f45dc90ae819"}
{"timestamp": "2026-07-09T12:26:06.023454+00:00", "level": "INFO", "logger": "commercehub.request", "message": "request completed", "request_id": "b56334f1-c60a-4334-8f21-a800a94a88be"}
{"timestamp": "2026-07-09T12:26:06.033775+00:00", "level": "INFO", "logger": "commercehub.request", "message": "request completed", "request_id": "8452d47e-974a-4183-8af6-045dfbd40856"}
{"timestamp": "2026-07-09T12:26:36.642451+00:00", "level": "INFO", "logger": "commercehub.request", "message": "request completed", "request_id": "e373f3a6-6006-417a-8c0b-ff94c18ec814"}
{"timestamp": "2026-07-09T12:26:36.644275+00:00", "level": "INFO", "logger": "commercehub.request", "message": "request completed", "request_id": "0cf39abd-d0cc-43d6-a92a-5e374b7e2e2e"}
{"timestamp": "2026-07-09T12:26:39.385170+00:00", "level": "INFO", "logger": "commercehub.request", "message": "request completed", "request_id": "73576b5d-b3e4-4c1a-bfc9-d9b1775f42e6"}
{"timestamp": "2026-07-09T12:26:39.385385+00:00", "level": "INFO", "logger": "commercehub.request", "message": "request completed", "request_id": "be145e51-e3c7-43d5-9cc2-d5b5d5abafbe"}
{"timestamp": "2026-07-09T12:26:39.397845+00:00", "level": "INFO", "logger": "commercehub.request", "message": "request completed", "request_id": "fbb1e976-20b7-4fa4-ba9a-e92a551063c0"}
{"timestamp": "2026-07-09T12:26:39.399552+00:00", "level": "INFO", "logger": "commercehub.request", "message": "request completed", "request_id": "5133392b-bf25-4f2d-8df0-7ccbfd95dd4c"}
{"timestamp": "2026-07-09T12:26:40.747687+00:00", "level": "INFO", "logger": "commercehub.request", "message": "request completed", "request_id": "1e4b4e30-5c19-4dc4-b693-95df7eef7059"}
{"timestamp": "2026-07-09T12:26:41.611609+00:00", "level": "INFO", "logger": "commercehub.request", "message": "request completed", "request_id": "7a43291a-dd94-4dae-b067-c61afa322f15"}
{"timestamp": "2026-07-09T12:27:27.799636+00:00", "level": "INFO", "logger": "commercehub.request", "message": "request completed", "request_id": "b2ecdc6d-dd3f-4b65-b9ac-d1d78e0bd6a6"}
{"timestamp": "2026-07-09T12:27:27.799976+00:00", "level": "INFO", "logger": "commercehub.request", "message": "request completed", "request_id": "1d69024b-9fc4-4951-a258-dad78f20cae0"}
{"timestamp": "2026-07-09T12:27:34.440193+00:00", "level": "INFO", "logger": "commercehub.request", "message": "request completed", "request_id": "74f0ea9e-4599-4706-a93b-1c01297d6258"}
{"timestamp": "2026-07-09T12:27:34.458016+00:00", "level": "INFO", "logger": "commercehub.request", "message": "request completed", "request_id": "a4dbcffd-b44a-45b9-b5ed-490a7da05211"}
{"timestamp": "2026-07-09T12:27:43.435982+00:00", "level": "INFO", "logger": "commercehub.request", "message": "request completed", "request_id": "0e9636d7-8810-4395-9ea0-b02d7ae6bc87"}
{"timestamp": "2026-07-09T12:27:43.455195+00:00", "level": "INFO", "logger": "commercehub.request", "message": "request completed", "request_id": "7315de79-4065-46c1-9e24-77ea9c83a2a5"}
{"timestamp": "2026-07-09T12:27:47.153429+00:00", "level": "INFO", "logger": "commercehub.request", "message": "request completed", "request_id": "eb9abe9f-ba77-4892-b4f0-883e178e7759"}
{"timestamp": "2026-07-09T12:27:47.183400+00:00", "level": "INFO", "logger": "commercehub.request", "message": "request completed", "request_id": "f3b338ff-0fd9-46f1-aa28-881e19051a64"}
{"timestamp": "2026-07-09T12:27:49.352115+00:00", "level": "INFO", "logger": "commercehub.request", "message": "request completed", "request_id": "d53ab663-5bfc-4f47-b947-513f263d384a"}
{"timestamp": "2026-07-09T12:27:49.365670+00:00", "level": "INFO", "logger": "commercehub.request", "message": "request completed", "request_id": "187c20c8-5ddb-4f1b-919a-b0af8b3b0aaa"}
{"timestamp": "2026-07-09T12:27:54.993083+00:00", "level": "INFO", "logger": "commercehub.request", "message": "request completed", "request_id": "71cbc981-14c4-40a6-8002-43b972268711"}
{"timestamp": "2026-07-09T12:27:54.993416+00:00", "level": "INFO", "logger": "commercehub.request", "message": "request completed", "request_id": "86ecb427-4084-40be-ac39-226df72eeda2"}
{"timestamp": "2026-07-09T12:27:56.588784+00:00", "level": "INFO", "logger": "commercehub.request", "message": "request completed", "request_id": "8b99e8ed-c834-4307-9689-7c680ccbdb69"}
{"timestamp": "2026-07-09T12:27:56.590334+00:00", "level": "INFO", "logger": "commercehub.request", "message": "request completed", "request_id": "6714cd4d-e54e-4440-aa2e-f0fe36de17c4"}
{"timestamp": "2026-07-09T12:27:56.591485+00:00", "level": "INFO", "logger": "commercehub.request", "message": "request completed", "request_id": "419c6a34-cfb2-4aa1-9493-56b99fa38787"}
{"timestamp": "2026-07-09T12:27:56.592016+00:00", "level": "INFO", "logger": "commercehub.request", "message": "request completed", "request_id": "f17747d6-b398-4d97-b94b-bc3faca19d91"}
{"timestamp": "2026-07-09T12:27:56.592804+00:00", "level": "INFO", "logger": "commercehub.request", "message": "request completed", "request_id": "44b0299b-d39e-46ce-8db3-f946cceaf527"}
{"timestamp": "2026-07-09T12:27:56.601322+00:00", "level": "INFO", "logger": "commercehub.request", "message": "request completed", "request_id": "9ccbfcef-1bd1-4329-9a80-53208b41a3d1"}
{"timestamp": "2026-07-09T12:27:56.603029+00:00", "level": "INFO", "logger": "commercehub.request", "message": "request completed", "request_id": "0f959864-7c68-4813-8ab4-9b29f517e985"}
{"timestamp": "2026-07-09T12:28:08.271628+00:00", "level": "INFO", "logger": "commercehub.request", "message": "request completed", "request_id": "23a3c0e2-03c6-4ab3-82bf-1121799551a1"}
{"timestamp": "2026-07-09T12:28:09.514669+00:00", "level": "INFO", "logger": "commercehub.request", "message": "request completed", "request_id": "6cba573b-bbc6-4f81-bb7d-6333550936d9"}
{"timestamp": "2026-07-09T12:28:09.526072+00:00", "level": "INFO", "logger": "commercehub.request", "message": "request completed", "request_id": "51f4cce5-694d-4649-a8c0-2c5000d3769a"}
{"timestamp": "2026-07-09T12:28:09.528511+00:00", "level": "INFO", "logger": "commercehub.request", "message": "request completed", "request_id": "ac1273a4-146b-4a20-8e2c-1edff589b0bd"}
{"timestamp": "2026-07-09T12:28:09.528610+00:00", "level": "INFO", "logger": "commercehub.request", "message": "request completed", "request_id": "4bdf5d2c-cbc6-45fa-b240-3676f66f955c"}
{"timestamp": "2026-07-09T12:28:15.815790+00:00", "level": "INFO", "logger": "commercehub.request", "message": "request completed", "request_id": "8c894278-e377-4259-a4fc-ffd999679b4c"}
{"timestamp": "2026-07-09T12:28:19.718416+00:00", "level": "INFO", "logger": "commercehub.request", "message": "request completed", "request_id": "abc9eccb-5e03-437d-9b48-30b92cc141f1"}
{"timestamp": "2026-07-09T12:34:42.458429+00:00", "level": "INFO", "logger": "commercehub.request", "message": "request completed", "request_id": "db68eacf-f925-4c2b-9b52-238df18e4c6a"}
{"timestamp": "2026-07-09T12:35:27.447651+00:00", "level": "INFO", "logger": "commercehub.request", "message": "request completed", "request_id": "0a94f064-73d0-4a0c-bfda-10053e4ebb4e"}
{"timestamp": "2026-07-09T12:35:27.457842+00:00", "level": "INFO", "logger": "commercehub.request", "message": "request completed", "request_id": "109880da-4e67-4f0a-be89-58cb3a79f125"}
{"timestamp": "2026-07-09T12:35:28.694981+00:00", "level": "INFO", "logger": "commercehub.request", "message": "request completed", "request_id": "ac582dbf-83e5-4834-81ac-fa0cbd0d9a09"}
{"timestamp": "2026-07-09T12:35:28.704350+00:00", "level": "INFO", "logger": "commercehub.request", "message": "request completed", "request_id": "0cc208d4-8f6b-4e09-a652-8d34a03683e0"}
{"timestamp": "2026-07-09T12:35:29.339820+00:00", "level": "INFO", "logger": "commercehub.request", "message": "request completed", "request_id": "b50b626a-514a-4647-8803-249b79622117"}
{"timestamp": "2026-07-09T12:35:29.346300+00:00", "level": "INFO", "logger": "commercehub.request", "message": "request completed", "request_id": "6749c788-929b-4de7-a176-dd7e5e2cb788"}
{"timestamp": "2026-07-09T12:35:29.937148+00:00", "level": "INFO", "logger": "commercehub.request", "message": "request completed", "request_id": "0fe0d228-df79-41a9-8b62-8f9d427e025a"}
{"timestamp": "2026-07-09T12:35:29.937460+00:00", "level": "INFO", "logger": "commercehub.request", "message": "request completed", "request_id": "d02c6d6b-9116-4633-8d53-31208a8fa750"}
{"timestamp": "2026-07-09T12:35:29.938956+00:00", "level": "INFO", "logger": "commercehub.request", "message": "request completed", "request_id": "287cb067-1edf-4ecb-88d4-de2c2bc6d121"}
{"timestamp": "2026-07-09T12:35:29.948502+00:00", "level": "INFO", "logger": "commercehub.request", "message": "request completed", "request_id": "0fa12813-7afb-4c73-beea-5489afac5c5a"}
{"timestamp": "2026-07-09T12:35:30.634294+00:00", "level": "INFO", "logger": "commercehub.request", "message": "request completed", "request_id": "4c813967-c52f-4e83-ad0a-6b351e42d99b"}
{"timestamp": "2026-07-09T12:35:30.634971+00:00", "level": "INFO", "logger": "commercehub.request", "message": "request completed", "request_id": "f1da7363-eb44-406e-b5f7-7fe975f15cb7"}
{"timestamp": "2026-07-09T12:35:30.654734+00:00", "level": "INFO", "logger": "commercehub.request", "message": "request completed", "request_id": "a9074610-795a-4243-b9e9-11a4d1a043e7"}
{"timestamp": "2026-07-09T12:35:30.656764+00:00", "level": "INFO", "logger": "commercehub.request", "message": "request completed", "request_id": "11a7fb99-a28f-4c06-b89c-9aa9f1bdc2ab"}
{"timestamp": "2026-07-09T12:35:30.657931+00:00", "level": "INFO", "logger": "commercehub.request", "message": "request completed", "request_id": "47b8394e-d6d7-480b-90d7-349075df6a4a"}
{"timestamp": "2026-07-09T12:35:30.658193+00:00", "level": "INFO", "logger": "commercehub.request", "message": "request completed", "request_id": "0a7ca84f-0043-4993-b2ae-fe4f176c26f1"}
{"timestamp": "2026-07-09T12:35:30.660460+00:00", "level": "INFO", "logger": "commercehub.request", "message": "request completed", "request_id": "1a4f320b-a501-4797-a117-030792c81816"}
{"timestamp": "2026-07-09T12:35:30.664581+00:00", "level": "INFO", "logger": "commercehub.request", "message": "request completed", "request_id": "67ea1ca9-7976-441e-85d4-11d5afae45bc"}
{"timestamp": "2026-07-09T12:35:30.674515+00:00", "level": "INFO", "logger": "commercehub.request", "message": "request completed", "request_id": "286371dc-cb7d-43d7-bc28-4de27c4f8eec"}
{"timestamp": "2026-07-09T12:35:31.283029+00:00", "level": "INFO", "logger": "commercehub.request", "message": "request completed", "request_id": "50f12ca9-a475-43f4-a5b9-3c79b08c5b7f"}
{"timestamp": "2026-07-09T12:35:31.283399+00:00", "level": "INFO", "logger": "commercehub.request", "message": "request completed", "request_id": "195a5f40-3c52-447b-b76e-d396891173f9"}
{"timestamp": "2026-07-09T12:35:31.305696+00:00", "level": "INFO", "logger": "commercehub.request", "message": "request completed", "request_id": "8db5c814-d0ad-4c0b-910c-b3255ed8bef4"}
{"timestamp": "2026-07-09T12:35:31.306123+00:00", "level": "INFO", "logger": "commercehub.request", "message": "request completed", "request_id": "3be505c6-1b4c-4af1-86ee-eb48b5af3205"}
{"timestamp": "2026-07-09T12:35:35.802161+00:00", "level": "INFO", "logger": "commercehub.request", "message": "request completed", "request_id": "ad1ca550-66d2-42e7-b50c-a0ea9faeaf97"}
{"timestamp": "2026-07-09T12:35:35.802743+00:00", "level": "INFO", "logger": "commercehub.request", "message": "request completed", "request_id": "ac050783-e177-4d2c-b71a-c6c205ed626d"}
{"timestamp": "2026-07-09T12:35:35.806539+00:00", "level": "INFO", "logger": "commercehub.request", "message": "request completed", "request_id": "149ecc3a-14b1-4745-ac3b-f8ac376814de"}
{"timestamp": "2026-07-09T12:35:35.806784+00:00", "level": "INFO", "logger": "commercehub.request", "message": "request completed", "request_id": "94af6d71-42d4-4bff-b914-49855de39bc8"}
{"timestamp": "2026-07-09T12:35:40.119424+00:00", "level": "INFO", "logger": "commercehub.request", "message": "request completed", "request_id": "f7d99188-2bfe-40a9-b779-ca411a832225"}
{"timestamp": "2026-07-09T12:36:29.090786+00:00", "level": "INFO", "logger": "commercehub.request", "message": "request completed", "request_id": "fbb487d0-ee87-41b2-bc4c-e3bd5d5ab270"}
{"timestamp": "2026-07-09T12:36:30.578469+00:00", "level": "INFO", "logger": "commercehub.request", "message": "request completed", "request_id": "b6350b22-69f1-4527-8822-abd7964b6b75"}
{"timestamp": "2026-07-09T12:36:30.578842+00:00", "level": "INFO", "logger": "commercehub.request", "message": "request completed", "request_id": "5f06629e-9871-402d-a1f8-7451987df216"}
{"timestamp": "2026-07-09T12:36:30.579369+00:00", "level": "INFO", "logger": "commercehub.request", "message": "request completed", "request_id": "9cceaa5d-2029-4838-b8c1-cd0bfd6decdd"}
{"timestamp": "2026-07-09T12:36:30.580350+00:00", "level": "INFO", "logger": "commercehub.request", "message": "request completed", "request_id": "30f36390-8350-49ff-9ed4-fa636772d190"}
{"timestamp": "2026-07-09T12:36:30.599357+00:00", "level": "INFO", "logger": "commercehub.request", "message": "request completed", "request_id": "3f39e478-c429-4d5a-b6d4-613734401574"}
{"timestamp": "2026-07-09T12:36:30.599518+00:00", "level": "INFO", "logger": "commercehub.request", "message": "request completed", "request_id": "27372e30-d4db-411b-8bd9-bfb6e1a43ddc"}
{"timestamp": "2026-07-09T12:36:30.601540+00:00", "level": "INFO", "logger": "commercehub.request", "message": "request completed", "request_id": "d223642e-dd4a-4af5-9244-98cc7bda432f"}
{"timestamp": "2026-07-09T12:36:30.601947+00:00", "level": "INFO", "logger": "commercehub.request", "message": "request completed", "request_id": "cc259124-d51f-44d6-b999-c950bef103df"}
{"timestamp": "2026-07-09T12:37:01.976845+00:00", "level": "INFO", "logger": "commercehub.request", "message": "request completed", "request_id": "2de50855-2d8f-4ac8-a090-16f0bae9fb38"}
{"timestamp": "2026-07-09T12:37:01.990608+00:00", "level": "INFO", "logger": "commercehub.request", "message": "request completed", "request_id": "60e7003b-0a42-4bfa-b86b-2af91c378a7b"}
{"timestamp": "2026-07-09T12:37:02.013331+00:00", "level": "INFO", "logger": "commercehub.request", "message": "request completed", "request_id": "d2d46314-e04f-45c7-b7be-089cbfe0f9ef"}
{"timestamp": "2026-07-09T12:37:02.025370+00:00", "level": "INFO", "logger": "commercehub.request", "message": "request completed", "request_id": "c0ae6692-96b8-439c-80bc-2dfd7c57439a"}
{"timestamp": "2026-07-09T12:37:02.041471+00:00", "level": "INFO", "logger": "commercehub.request", "message": "request completed", "request_id": "1f079ba0-a4ac-4b3f-bea1-f67e56eba729"}
{"timestamp": "2026-07-09T12:37:02.089552+00:00", "level": "INFO", "logger": "commercehub.request", "message": "request completed", "request_id": "d81350eb-c1f4-47c5-8edf-5e8f311265e1"}
{"timestamp": "2026-07-09T12:37:02.139802+00:00", "level": "INFO", "logger": "commercehub.request", "message": "request completed", "request_id": "b086b551-0d6d-410b-a79c-c545253296cc"}
{"timestamp": "2026-07-09T12:37:02.184066+00:00", "level": "INFO", "logger": "commercehub.request", "message": "request completed", "request_id": "bd9a5b28-b123-4001-a97d-fb0d07cd7d88"}
{"timestamp": "2026-07-09T12:37:02.206144+00:00", "level": "INFO", "logger": "commercehub.request", "message": "request completed", "request_id": "0cc122fc-c1b3-49b8-9bb5-f1b9c216fc40"}
{"timestamp": "2026-07-09T12:37:25.464205+00:00", "level": "INFO", "logger": "commercehub.request", "message": "request completed", "request_id": "aa86a6be-6ec9-4dbb-86d1-f4ecdb1c4f7a"}
{"timestamp": "2026-07-09T12:37:25.475966+00:00", "level": "INFO", "logger": "commercehub.request", "message": "request completed", "request_id": "c0c4c12a-ad94-46ea-9c6e-3ff75c436132"}
{"timestamp": "2026-07-09T12:37:25.487892+00:00", "level": "INFO", "logger": "commercehub.request", "message": "request completed", "request_id": "ed4c7edc-7f8b-4225-9cbf-cb57bd44208b"}
{"timestamp": "2026-07-09T12:37:25.497565+00:00", "level": "INFO", "logger": "commercehub.request", "message": "request completed", "request_id": "1001211c-5aba-4f97-a13b-73a7e1cfee2e"}
{"timestamp": "2026-07-09T12:37:25.507264+00:00", "level": "INFO", "logger": "commercehub.request", "message": "request completed", "request_id": "7982766b-33d4-48ad-87ce-ac74a2c0c7ab"}
{"timestamp": "2026-07-09T12:37:25.516276+00:00", "level": "INFO", "logger": "commercehub.request", "message": "request completed", "request_id": "e7fa2b73-f110-473d-a2ea-e3bfa1da3f46"}
{"timestamp": "2026-07-09T12:37:25.550851+00:00", "level": "INFO", "logger": "commercehub.request", "message": "request completed", "request_id": "52f6de0a-24c2-4a5d-8df4-51e9d3d8f7be"}
{"timestamp": "2026-07-09T12:37:25.574390+00:00", "level": "INFO", "logger": "commercehub.request", "message": "request completed", "request_id": "b857bd71-35fe-4183-90ad-d1832d576bdc"}
{"timestamp": "2026-07-09T12:37:25.599540+00:00", "level": "INFO", "logger": "app.services.warehouse", "message": "Warehouse created"}
{"timestamp": "2026-07-09T12:37:25.610061+00:00", "level": "INFO", "logger": "commercehub.request", "message": "request completed", "request_id": "4f722286-1825-43bb-ae8a-4e12cdb9bb3d"}
{"timestamp": "2026-07-09T12:37:25.682586+00:00", "level": "INFO", "logger": "commercehub.request", "message": "request completed", "request_id": "fd0a1a5e-f40e-4856-9c50-b6042bf8f095"}
{"timestamp": "2026-07-09T12:41:53.040656+00:00", "level": "INFO", "logger": "commercehub.request", "message": "request completed", "request_id": "eec911e0-10cd-453b-8746-b5a158807505"}
{"timestamp": "2026-07-09T12:41:53.041833+00:00", "level": "INFO", "logger": "commercehub.request", "message": "request completed", "request_id": "63d30cb2-b5da-4e66-ae4d-7ffeb7ea0fb2"}
{"timestamp": "2026-07-09T12:41:53.042999+00:00", "level": "INFO", "logger": "commercehub.request", "message": "request completed", "request_id": "a5c2e62b-bd3b-4fdc-b17e-8647e8999448"}
{"timestamp": "2026-07-09T12:41:53.045286+00:00", "level": "INFO", "logger": "commercehub.request", "message": "request completed", "request_id": "530c5dac-26c5-4290-876b-5ca63f4d9735"}
{"timestamp": "2026-07-09T12:41:54.358082+00:00", "level": "INFO", "logger": "commercehub.request", "message": "request completed", "request_id": "4df67bcf-a562-409d-9728-2f883c080b97"}
{"timestamp": "2026-07-09T12:41:54.358495+00:00", "level": "INFO", "logger": "commercehub.request", "message": "request completed", "request_id": "742bcf59-877f-4879-96a4-27cb17111716"}
{"timestamp": "2026-07-09T12:41:54.373061+00:00", "level": "INFO", "logger": "commercehub.request", "message": "request completed", "request_id": "dd6c9832-4eb7-429c-ace4-47f6d1452b68"}
{"timestamp": "2026-07-09T12:41:54.374462+00:00", "level": "INFO", "logger": "commercehub.request", "message": "request completed", "request_id": "6d52c6f3-270b-4ede-af39-39386deb2f54"}
{"timestamp": "2026-07-09T12:41:55.352359+00:00", "level": "INFO", "logger": "commercehub.request", "message": "request completed", "request_id": "69dae356-081d-4893-9df6-d4f7e9c1c3cd"}
{"timestamp": "2026-07-09T12:41:56.084664+00:00", "level": "INFO", "logger": "commercehub.request", "message": "request completed", "request_id": "d9271b57-dee8-4d95-b66d-b8002e332817"}
{"timestamp": "2026-07-09T12:41:57.909865+00:00", "level": "INFO", "logger": "commercehub.request", "message": "request completed", "request_id": "02357590-2348-4c08-ad40-53734c840db5"}
{"timestamp": "2026-07-09T12:41:57.911731+00:00", "level": "INFO", "logger": "commercehub.request", "message": "request completed", "request_id": "962bdd10-a104-4d91-9c1c-b35b0d8691e7"}
{"timestamp": "2026-07-09T12:41:57.914777+00:00", "level": "INFO", "logger": "commercehub.request", "message": "request completed", "request_id": "d269600d-34bc-4599-bcf2-0c10f7f3bbe9"}
{"timestamp": "2026-07-09T12:41:57.914855+00:00", "level": "INFO", "logger": "commercehub.request", "message": "request completed", "request_id": "6ca4fde2-ae5e-49d5-aca9-79855752d3da"}
{"timestamp": "2026-07-09T12:41:58.885651+00:00", "level": "INFO", "logger": "commercehub.request", "message": "request completed", "request_id": "70525ec2-43d9-4435-92ee-f23aaeda1cd2"}
{"timestamp": "2026-07-09T12:41:58.885974+00:00", "level": "INFO", "logger": "commercehub.request", "message": "request completed", "request_id": "26a3c34c-4789-4ba7-bb37-90ec465ad595"}
{"timestamp": "2026-07-09T12:41:58.886138+00:00", "level": "INFO", "logger": "commercehub.request", "message": "request completed", "request_id": "ddb1636e-2f4a-4827-a6fc-0768be4e5f7c"}
{"timestamp": "2026-07-09T12:41:58.886241+00:00", "level": "INFO", "logger": "commercehub.request", "message": "request completed", "request_id": "de18435b-3638-4963-942e-26ffc578a14a"}
{"timestamp": "2026-07-09T12:41:58.907992+00:00", "level": "INFO", "logger": "commercehub.request", "message": "request completed", "request_id": "ca0d6234-ba45-42d4-abb3-9027daf5a9c8"}
{"timestamp": "2026-07-09T12:41:58.908248+00:00", "level": "INFO", "logger": "commercehub.request", "message": "request completed", "request_id": "4d337ee6-c6dd-47a6-ad5e-acd50ef183e3"}
{"timestamp": "2026-07-09T12:41:58.909197+00:00", "level": "INFO", "logger": "commercehub.request", "message": "request completed", "request_id": "05ff3e76-c2f8-43a3-99e2-23c9d2b5d080"}
{"timestamp": "2026-07-09T12:41:58.909646+00:00", "level": "INFO", "logger": "commercehub.request", "message": "request completed", "request_id": "69340a4e-7e8d-4b83-9853-b2d531ee7e84"}
{"timestamp": "2026-07-09T12:41:59.546538+00:00", "level": "INFO", "logger": "commercehub.request", "message": "request completed", "request_id": "70406469-ccbb-47ec-abd8-3b3c47210510"}
{"timestamp": "2026-07-09T12:41:59.551239+00:00", "level": "INFO", "logger": "commercehub.request", "message": "request completed", "request_id": "6bac9907-ef0a-4b9d-a71f-8328062b7d9d"}
{"timestamp": "2026-07-09T13:23:05.755109+00:00", "level": "INFO", "logger": "commercehub.request", "message": "request completed", "request_id": "35b0c013-a9d6-4bb0-9e96-9203ff49364b"}
{"timestamp": "2026-07-09T13:23:05.756342+00:00", "level": "INFO", "logger": "commercehub.request", "message": "request completed", "request_id": "bbd7968e-1ba0-4fc4-9572-1d06e1f91bea"}
{"timestamp": "2026-07-09T13:23:05.757674+00:00", "level": "INFO", "logger": "commercehub.request", "message": "request completed", "request_id": "b197aea6-8187-4c94-8a35-7c1a6f9dc64d"}
{"timestamp": "2026-07-09T13:23:05.759618+00:00", "level": "INFO", "logger": "commercehub.request", "message": "request completed", "request_id": "fa013165-59d3-474a-876a-09189fa5e334"}
{"timestamp": "2026-07-09T13:23:05.795513+00:00", "level": "INFO", "logger": "commercehub.request", "message": "request completed", "request_id": "66c99a4e-a4be-403a-a104-171d60f55894"}
{"timestamp": "2026-07-09T13:23:05.800235+00:00", "level": "INFO", "logger": "commercehub.request", "message": "request completed", "request_id": "3b554630-325f-443b-93b2-86eb62c23636"}
{"timestamp": "2026-07-09T13:23:05.800343+00:00", "level": "INFO", "logger": "commercehub.request", "message": "request completed", "request_id": "f4f22cc4-72d2-434e-aab5-9e52ed8cbefb"}
{"timestamp": "2026-07-09T13:23:05.800576+00:00", "level": "INFO", "logger": "commercehub.request", "message": "request completed", "request_id": "e2c3b513-a0b3-4ec0-b05b-c6c7696bdfa2"}
{"timestamp": "2026-07-09T13:23:07.653661+00:00", "level": "INFO", "logger": "commercehub.request", "message": "request completed", "request_id": "6645f631-04bb-485a-9bea-c391b06a7c6d"}
{"timestamp": "2026-07-09T13:23:07.678291+00:00", "level": "INFO", "logger": "commercehub.request", "message": "request completed", "request_id": "8d0ae8f1-f765-49a9-b196-adc7a60c1499"}
{"timestamp": "2026-07-09T13:35:34.874923+00:00", "level": "INFO", "logger": "commercehub.request", "message": "request completed", "request_id": "1072684c-6925-48e7-b3d4-8d274073b9e9"}
{"timestamp": "2026-07-09T13:35:34.903672+00:00", "level": "INFO", "logger": "commercehub.request", "message": "request completed", "request_id": "ca0ca2b6-67dc-453d-b381-8cf62dc38580"}
{"timestamp": "2026-07-09T13:35:39.991534+00:00", "level": "INFO", "logger": "commercehub.request", "message": "request completed", "request_id": "c1b709f7-4075-48ae-bfdb-e5aa7e427942"}
{"timestamp": "2026-07-09T13:35:39.992486+00:00", "level": "INFO", "logger": "commercehub.request", "message": "request completed", "request_id": "084e6c65-f15f-49c6-9159-fd26c1d95899"}
{"timestamp": "2026-07-09T13:35:39.994875+00:00", "level": "INFO", "logger": "commercehub.request", "message": "request completed", "request_id": "a184d81a-0f52-4f22-b2a7-7642df981558"}
{"timestamp": "2026-07-09T13:35:39.995893+00:00", "level": "INFO", "logger": "commercehub.request", "message": "request completed", "request_id": "e867fb7c-e926-489e-97cb-a7a0bb93d5c0"}
{"timestamp": "2026-07-09T13:35:40.014739+00:00", "level": "INFO", "logger": "commercehub.request", "message": "request completed", "request_id": "5935ca16-c5b9-4d5d-b848-28027bf700d5"}
{"timestamp": "2026-07-09T13:35:40.015943+00:00", "level": "INFO", "logger": "commercehub.request", "message": "request completed", "request_id": "1e655171-6d57-4c6b-a0ea-e6a49bd6a635"}
{"timestamp": "2026-07-09T13:35:40.020971+00:00", "level": "INFO", "logger": "commercehub.request", "message": "request completed", "request_id": "58a7ef10-ee95-4fa3-b1bf-ff3614730574"}
{"timestamp": "2026-07-09T13:35:40.021841+00:00", "level": "INFO", "logger": "commercehub.request", "message": "request completed", "request_id": "579345cb-01b1-4c0a-80d1-4c47bc577d75"}
{"timestamp": "2026-07-09T13:35:41.047363+00:00", "level": "INFO", "logger": "commercehub.request", "message": "request completed", "request_id": "e67be37f-5b88-48e3-9480-94265dd66670"}
{"timestamp": "2026-07-09T13:35:41.047520+00:00", "level": "INFO", "logger": "commercehub.request", "message": "request completed", "request_id": "aac6d14a-de04-42fe-88cf-0876ed1a921a"}
{"timestamp": "2026-07-09T13:35:41.047562+00:00", "level": "INFO", "logger": "commercehub.request", "message": "request completed", "request_id": "4cc10687-b446-40a8-af9f-9ad80d6e7cf4"}
{"timestamp": "2026-07-09T13:35:41.047790+00:00", "level": "INFO", "logger": "commercehub.request", "message": "request completed", "request_id": "c1ae1c3d-e9e9-4aa4-b764-c1abd80e1b95"}
{"timestamp": "2026-07-09T13:35:41.047843+00:00", "level": "INFO", "logger": "commercehub.request", "message": "request completed", "request_id": "70add442-6490-4e80-97d3-9199b8a03a59"}
{"timestamp": "2026-07-09T13:35:41.048633+00:00", "level": "INFO", "logger": "commercehub.request", "message": "request completed", "request_id": "f7e4b630-6e36-4cc4-946f-7a69c61ff7da"}
{"timestamp": "2026-07-09T13:35:41.053451+00:00", "level": "INFO", "logger": "commercehub.request", "message": "request completed", "request_id": "a48ad875-8f9a-4e66-a6df-c0e63da22ab9"}
{"timestamp": "2026-07-09T13:35:41.063128+00:00", "level": "INFO", "logger": "commercehub.request", "message": "request completed", "request_id": "dc09453c-84fb-4440-956f-fc71d9fcb2ed"}
{"timestamp": "2026-07-09T13:35:41.067827+00:00", "level": "INFO", "logger": "commercehub.request", "message": "request completed", "request_id": "90935a5e-2af1-4217-83f5-9b17a7622aa9"}
{"timestamp": "2026-07-09T13:35:41.071148+00:00", "level": "INFO", "logger": "commercehub.request", "message": "request completed", "request_id": "51e9f4a4-faeb-494e-bf16-eee0d3fa82ff"}
{"timestamp": "2026-07-09T13:35:41.071284+00:00", "level": "INFO", "logger": "commercehub.request", "message": "request completed", "request_id": "bf4f6b8f-cf01-45b5-b995-e17e4fc06e10"}
{"timestamp": "2026-07-09T13:35:41.071324+00:00", "level": "INFO", "logger": "commercehub.request", "message": "request completed", "request_id": "3c8c76a8-9d50-4391-9fa8-b111e90cf4ca"}
{"timestamp": "2026-07-09T13:35:41.071360+00:00", "level": "INFO", "logger": "commercehub.request", "message": "request completed", "request_id": "bb45df31-5eea-46ff-9b44-119e93a17984"}
{"timestamp": "2026-07-09T13:35:41.076168+00:00", "level": "INFO", "logger": "commercehub.request", "message": "request completed", "request_id": "8703de1f-82c4-48f2-b969-3159a46bb308"}
{"timestamp": "2026-07-09T13:36:44.818513+00:00", "level": "INFO", "logger": "commercehub.request", "message": "request completed", "request_id": "f34bcdd4-e93c-4b13-a74f-34c3fa2c1d93"}
{"timestamp": "2026-07-09T13:36:46.598149+00:00", "level": "INFO", "logger": "commercehub.request", "message": "request completed", "request_id": "b04fa9e3-3fce-4a0a-bbeb-ad16801c7d63"}
{"timestamp": "2026-07-09T13:36:46.609108+00:00", "level": "INFO", "logger": "commercehub.request", "message": "request completed", "request_id": "4fc814bc-398e-4a5d-b863-807b29133105"}
{"timestamp": "2026-07-09T13:36:47.386897+00:00", "level": "INFO", "logger": "commercehub.request", "message": "request completed", "request_id": "02d5bdd6-e91c-487f-9771-beb5d6b8c82f"}
{"timestamp": "2026-07-09T13:36:47.387108+00:00", "level": "INFO", "logger": "commercehub.request", "message": "request completed", "request_id": "22d0ff16-ec15-4478-a3c6-178549929056"}
{"timestamp": "2026-07-09T13:36:47.398171+00:00", "level": "INFO", "logger": "commercehub.request", "message": "request completed", "request_id": "732495b3-f396-4495-a9bf-f43ac888f399"}
{"timestamp": "2026-07-09T13:36:47.400175+00:00", "level": "INFO", "logger": "commercehub.request", "message": "request completed", "request_id": "f83a3804-c702-4251-96d5-8a238e5c7d54"}
{"timestamp": "2026-07-09T13:36:48.245221+00:00", "level": "INFO", "logger": "commercehub.request", "message": "request completed", "request_id": "3f28f16c-448e-4fe4-b4d4-b76375b19433"}
{"timestamp": "2026-07-09T13:36:48.245592+00:00", "level": "INFO", "logger": "commercehub.request", "message": "request completed", "request_id": "67fe7f94-017a-415e-91d2-eb67dfa09171"}
{"timestamp": "2026-07-09T13:36:48.249108+00:00", "level": "INFO", "logger": "commercehub.request", "message": "request completed", "request_id": "bff6757b-6b5c-4862-b504-8fc2d62582c8"}
{"timestamp": "2026-07-09T13:36:48.249804+00:00", "level": "INFO", "logger": "commercehub.request", "message": "request completed", "request_id": "a6bba95d-ba56-4037-ac81-b05279db85c7"}
{"timestamp": "2026-07-09T13:36:48.976938+00:00", "level": "INFO", "logger": "commercehub.request", "message": "request completed", "request_id": "f29bc308-6daa-4e57-b7e7-a4d5b0a9e594"}
{"timestamp": "2026-07-09T13:36:48.978930+00:00", "level": "INFO", "logger": "commercehub.request", "message": "request completed", "request_id": "c0458737-b1bd-4a5c-a550-893b9595ee27"}
{"timestamp": "2026-07-09T13:36:48.979359+00:00", "level": "INFO", "logger": "commercehub.request", "message": "request completed", "request_id": "0f002e94-52a8-4da9-ad6f-5f6f1d78def1"}
{"timestamp": "2026-07-09T13:36:48.980313+00:00", "level": "INFO", "logger": "commercehub.request", "message": "request completed", "request_id": "5513f0d6-e0a0-4ae8-ae27-53ce6251eaf1"}
{"timestamp": "2026-07-09T13:36:48.981064+00:00", "level": "INFO", "logger": "commercehub.request", "message": "request completed", "request_id": "a31777d2-83f7-42d9-9300-b3307b312c62"}
{"timestamp": "2026-07-09T13:36:48.981620+00:00", "level": "INFO", "logger": "commercehub.request", "message": "request completed", "request_id": "bfece43e-a0cc-4676-90bd-7fec5e36a56e"}
{"timestamp": "2026-07-09T13:36:48.993075+00:00", "level": "INFO", "logger": "commercehub.request", "message": "request completed", "request_id": "8fecab8b-99f1-4993-b09d-5d4c0ea43363"}
{"timestamp": "2026-07-09T13:36:55.320313+00:00", "level": "INFO", "logger": "commercehub.request", "message": "request completed", "request_id": "abc94cff-630e-4278-9ef6-79f80c0bf016"}
{"timestamp": "2026-07-09T13:36:55.320686+00:00", "level": "INFO", "logger": "commercehub.request", "message": "request completed", "request_id": "96a05258-6caa-43f9-8e31-6b54271a0b41"}
{"timestamp": "2026-07-09T13:36:55.344394+00:00", "level": "INFO", "logger": "commercehub.request", "message": "request completed", "request_id": "abff8a65-f4e3-4c7f-a146-da5e0c892f09"}
{"timestamp": "2026-07-09T13:36:55.344525+00:00", "level": "INFO", "logger": "commercehub.request", "message": "request completed", "request_id": "de9f80ce-50d0-4880-a2fd-e1632b07f4f5"}
{"timestamp": "2026-07-09T13:38:35.319053+00:00", "level": "INFO", "logger": "commercehub.request", "message": "request completed", "request_id": "275922c8-d8bb-4427-a645-688ce4ef8b3e"}
{"timestamp": "2026-07-09T13:38:35.319447+00:00", "level": "INFO", "logger": "commercehub.request", "message": "request completed", "request_id": "04f8f95c-8d6e-44a4-aad4-bbb67b7bfbfa"}
{"timestamp": "2026-07-09T13:38:55.275429+00:00", "level": "INFO", "logger": "commercehub.request", "message": "request completed", "request_id": "fef0d7a0-3734-45db-83b7-3fa5b0832d87"}
{"timestamp": "2026-07-09T13:38:55.275496+00:00", "level": "INFO", "logger": "commercehub.request", "message": "request completed", "request_id": "ebbe7aa8-f336-4560-993b-1847246823c3"}
{"timestamp": "2026-07-09T13:38:55.275711+00:00", "level": "INFO", "logger": "commercehub.request", "message": "request completed", "request_id": "9b4ee142-086c-4c2f-80ff-d9a133ae67e3"}
{"timestamp": "2026-07-09T13:38:55.278285+00:00", "level": "INFO", "logger": "commercehub.request", "message": "request completed", "request_id": "55672ef7-6158-4656-9d96-e411122c2538"}
{"timestamp": "2026-07-09T13:40:10.319976+00:00", "level": "INFO", "logger": "commercehub.request", "message": "request completed", "request_id": "fb267ac6-cdf2-4346-af3c-7da4938efc24"}
{"timestamp": "2026-07-09T13:40:10.329202+00:00", "level": "INFO", "logger": "commercehub.request", "message": "request completed", "request_id": "dfbb7b4e-3850-4e08-8a66-569fbe0b4f5c"}
{"timestamp": "2026-07-09T13:40:19.799060+00:00", "level": "INFO", "logger": "commercehub.request", "message": "request completed", "request_id": "b1a0b321-aedb-4888-9d3f-56ffda7e752f"}
{"timestamp": "2026-07-09T13:40:19.821501+00:00", "level": "INFO", "logger": "commercehub.request", "message": "request completed", "request_id": "9b791ffa-cb22-42ba-ad96-2a8befb4b210"}
{"timestamp": "2026-07-09T13:40:19.833421+00:00", "level": "INFO", "logger": "commercehub.request", "message": "request completed", "request_id": "5a87dfe3-3c82-4d5f-a0e6-73a7d59b5a15"}
{"timestamp": "2026-07-09T13:40:19.843209+00:00", "level": "INFO", "logger": "commercehub.request", "message": "request completed", "request_id": "b67295f7-ed1a-4901-95fc-dadb0039cd49"}
{"timestamp": "2026-07-09T13:40:24.512637+00:00", "level": "INFO", "logger": "commercehub.request", "message": "request completed", "request_id": "1d35f989-3819-41b0-a7d4-70da2fba60d7"}
{"timestamp": "2026-07-09T13:40:26.380169+00:00", "level": "INFO", "logger": "commercehub.request", "message": "request completed", "request_id": "6372376e-927d-4b93-af06-beed5607e14c"}
{"timestamp": "2026-07-09T13:41:33.929408+00:00", "level": "INFO", "logger": "commercehub.request", "message": "request completed", "request_id": "95dc4367-512e-4489-ad1e-63dc459b6edc"}
{"timestamp": "2026-07-09T13:41:33.937456+00:00", "level": "INFO", "logger": "commercehub.request", "message": "request completed", "request_id": "0d81a423-f341-430e-80ab-73aa5b954e5b"}
{"timestamp": "2026-07-09T13:41:50.339395+00:00", "level": "INFO", "logger": "commercehub.request", "message": "request completed", "request_id": "e380fc80-77d8-4b48-956a-0132725d51a0"}
{"timestamp": "2026-07-09T13:41:50.379665+00:00", "level": "INFO", "logger": "commercehub.request", "message": "request completed", "request_id": "be7d1adb-cf0d-4a49-9bd4-9261021735ba"}
{"timestamp": "2026-07-09T13:41:50.403071+00:00", "level": "INFO", "logger": "commercehub.request", "message": "request completed", "request_id": "2e16f443-7f34-4954-8133-5f1160cb082a"}
{"timestamp": "2026-07-09T13:41:55.359434+00:00", "level": "INFO", "logger": "commercehub.request", "message": "request completed", "request_id": "b252d8fd-e450-4c6c-b743-800b7ffe502d"}
{"timestamp": "2026-07-09T13:41:55.362006+00:00", "level": "INFO", "logger": "commercehub.request", "message": "request completed", "request_id": "dd857550-b331-4f18-9f71-86cb0bc29f90"}
{"timestamp": "2026-07-09T13:41:56.032036+00:00", "level": "INFO", "logger": "commercehub.request", "message": "request completed", "request_id": "45c1ddd4-1f8d-457b-a3f1-75485ed75da8"}
{"timestamp": "2026-07-09T13:41:56.032912+00:00", "level": "INFO", "logger": "commercehub.request", "message": "request completed", "request_id": "62a040de-5ea1-4701-8b73-31fea9ad84fa"}
{"timestamp": "2026-07-09T13:41:56.035342+00:00", "level": "INFO", "logger": "commercehub.request", "message": "request completed", "request_id": "c010385d-45a1-447d-9361-ee0cedf06f92"}
{"timestamp": "2026-07-09T13:41:56.035924+00:00", "level": "INFO", "logger": "commercehub.request", "message": "request completed", "request_id": "9a380c81-4793-4aa1-b088-9be82af54137"}
{"timestamp": "2026-07-09T13:43:07.026164+00:00", "level": "INFO", "logger": "commercehub.request", "message": "request completed", "request_id": "6c05206c-e50c-4214-a19b-829e6d320e92"}
{"timestamp": "2026-07-09T13:43:07.026862+00:00", "level": "INFO", "logger": "commercehub.request", "message": "request completed", "request_id": "1324eb7f-f099-4d18-a40a-ea68d37de8d7"}
{"timestamp": "2026-07-09T13:43:07.028340+00:00", "level": "INFO", "logger": "commercehub.request", "message": "request completed", "request_id": "e04b29f4-454f-4bb7-82ed-7da862b61760"}
{"timestamp": "2026-07-09T13:43:07.029489+00:00", "level": "INFO", "logger": "commercehub.request", "message": "request completed", "request_id": "c11e9847-524f-4df7-969d-41579f6ad0cc"}
{"timestamp": "2026-07-09T13:43:07.031428+00:00", "level": "INFO", "logger": "commercehub.request", "message": "request completed", "request_id": "23dcbf15-f578-47f0-bb96-f5fa0962cabe"}
{"timestamp": "2026-07-09T13:43:07.031601+00:00", "level": "INFO", "logger": "commercehub.request", "message": "request completed", "request_id": "64f2e548-07db-4567-8de3-885c52bb9487"}
{"timestamp": "2026-07-09T13:43:07.039695+00:00", "level": "INFO", "logger": "commercehub.request", "message": "request completed", "request_id": "6827c620-c546-491c-a15c-384af33fcebf"}
{"timestamp": "2026-07-09T13:43:09.334146+00:00", "level": "INFO", "logger": "commercehub.request", "message": "request completed", "request_id": "0de5a15c-2254-47be-876e-a2b237a8fc71"}
{"timestamp": "2026-07-09T13:43:09.341899+00:00", "level": "INFO", "logger": "commercehub.request", "message": "request completed", "request_id": "40163def-d6e6-40c9-97ef-8592863a5055"}
{"timestamp": "2026-07-09T13:43:46.868997+00:00", "level": "INFO", "logger": "commercehub.request", "message": "request completed", "request_id": "179e424d-ca93-45cd-b674-94a6706e872f"}
{"timestamp": "2026-07-09T13:44:41.783849+00:00", "level": "INFO", "logger": "commercehub.request", "message": "request completed", "request_id": "8961ee89-33d2-470e-8695-26c6ff981829"}
{"timestamp": "2026-07-09T13:59:43.362473+00:00", "level": "INFO", "logger": "commercehub.request", "message": "request completed", "request_id": "4c7fda0e-dc2e-4a8d-808b-c3f0fc469219"}
{"timestamp": "2026-07-09T13:59:43.379186+00:00", "level": "INFO", "logger": "commercehub.request", "message": "request completed", "request_id": "85e3adc5-56c3-42fb-8679-95e1d6c51b87"}
{"timestamp": "2026-07-09T13:59:44.269568+00:00", "level": "INFO", "logger": "commercehub.request", "message": "request completed", "request_id": "f4c83d52-621c-4288-925a-25eb68aff341"}
{"timestamp": "2026-07-09T13:59:44.269803+00:00", "level": "INFO", "logger": "commercehub.request", "message": "request completed", "request_id": "970838f9-fbec-4853-993d-accab448412d"}
{"timestamp": "2026-07-09T13:59:44.270330+00:00", "level": "INFO", "logger": "commercehub.request", "message": "request completed", "request_id": "e9afab35-4634-4dc7-ae46-44133c0cf0e3"}
{"timestamp": "2026-07-09T13:59:44.270551+00:00", "level": "INFO", "logger": "commercehub.request", "message": "request completed", "request_id": "945271a0-5e6f-46d0-8ead-75fddae2e113"}
{"timestamp": "2026-07-09T13:59:44.304597+00:00", "level": "INFO", "logger": "commercehub.request", "message": "request completed", "request_id": "60945354-8563-4b73-bd0d-cd03677ef16c"}
{"timestamp": "2026-07-09T13:59:44.310087+00:00", "level": "INFO", "logger": "commercehub.request", "message": "request completed", "request_id": "7cb639d8-1676-4c6f-9c30-9ec7a32b8e60"}
{"timestamp": "2026-07-09T13:59:44.310195+00:00", "level": "INFO", "logger": "commercehub.request", "message": "request completed", "request_id": "8de8be72-4d8f-43af-953c-57ce73621d06"}
{"timestamp": "2026-07-09T13:59:44.310460+00:00", "level": "INFO", "logger": "commercehub.request", "message": "request completed", "request_id": "aa83e342-d8d6-4aa2-ba18-f9f66ea4d1a0"}
{"timestamp": "2026-07-09T14:10:47.528653+00:00", "level": "INFO", "logger": "commercehub.request", "message": "request completed", "request_id": "758ff5c2-1029-441e-811a-0aec31b0c0cc"}
{"timestamp": "2026-07-09T14:10:47.553946+00:00", "level": "INFO", "logger": "commercehub.request", "message": "request completed", "request_id": "db389706-f028-4671-b7ee-c7e80f70f96b"}
{"timestamp": "2026-07-09T14:10:48.312083+00:00", "level": "INFO", "logger": "commercehub.request", "message": "request completed", "request_id": "c222f7af-f000-492c-b3f3-1c9f4b6738c9"}
{"timestamp": "2026-07-09T14:10:48.312663+00:00", "level": "INFO", "logger": "commercehub.request", "message": "request completed", "request_id": "8aa20b82-0119-498f-b10e-c21823c64111"}
{"timestamp": "2026-07-09T14:10:48.330104+00:00", "level": "INFO", "logger": "commercehub.request", "message": "request completed", "request_id": "69369566-a515-4429-92a0-a86ff5ec1886"}
{"timestamp": "2026-07-09T14:10:48.334394+00:00", "level": "INFO", "logger": "commercehub.request", "message": "request completed", "request_id": "1d443961-ad21-446f-b396-73dad8058771"}
{"timestamp": "2026-07-09T14:10:48.660259+00:00", "level": "INFO", "logger": "commercehub.request", "message": "request completed", "request_id": "940ae1b2-7442-48d9-9a3a-0107b9d33b76"}
{"timestamp": "2026-07-09T14:10:48.673359+00:00", "level": "INFO", "logger": "commercehub.request", "message": "request completed", "request_id": "a7181c58-2cb2-45a6-ab79-ee43a8eafe60"}
{"timestamp": "2026-07-09T14:10:49.133004+00:00", "level": "INFO", "logger": "commercehub.request", "message": "request completed", "request_id": "44178302-cd0a-4b23-81ae-5388d43fee5a"}
{"timestamp": "2026-07-09T14:10:49.133566+00:00", "level": "INFO", "logger": "commercehub.request", "message": "request completed", "request_id": "b7bc5876-0551-48cb-a81d-ae9ffa275031"}
{"timestamp": "2026-07-09T14:10:49.133733+00:00", "level": "INFO", "logger": "commercehub.request", "message": "request completed", "request_id": "574551fd-ede8-42b9-b72a-2a1819968ff3"}
{"timestamp": "2026-07-09T14:10:49.134189+00:00", "level": "INFO", "logger": "commercehub.request", "message": "request completed", "request_id": "ff25a76b-e30a-4d13-a0c8-f95e30dd1d77"}
{"timestamp": "2026-07-09T14:10:49.152310+00:00", "level": "INFO", "logger": "commercehub.request", "message": "request completed", "request_id": "288e5136-a7b4-44e0-843b-55ec11cdfcac"}
{"timestamp": "2026-07-09T14:10:49.154088+00:00", "level": "INFO", "logger": "commercehub.request", "message": "request completed", "request_id": "aa9e7f2e-993d-4f9a-b9c0-67571c908272"}
{"timestamp": "2026-07-09T14:10:49.156754+00:00", "level": "INFO", "logger": "commercehub.request", "message": "request completed", "request_id": "102ea9c4-17c9-4fca-bb58-5f3266367572"}
{"timestamp": "2026-07-09T14:10:49.156928+00:00", "level": "INFO", "logger": "commercehub.request", "message": "request completed", "request_id": "c0a77c5f-9c86-46bd-901a-a1200eaac29a"}
{"timestamp": "2026-07-09T14:10:50.039866+00:00", "level": "INFO", "logger": "commercehub.request", "message": "request completed", "request_id": "c20c6a1f-4f53-4c62-aad6-2bb348399766"}
{"timestamp": "2026-07-09T14:10:50.040163+00:00", "level": "INFO", "logger": "commercehub.request", "message": "request completed", "request_id": "0806f221-86af-4a28-868f-b8f73ce5d10b"}
{"timestamp": "2026-07-09T14:10:50.040275+00:00", "level": "INFO", "logger": "commercehub.request", "message": "request completed", "request_id": "8d02690d-1457-4e58-9e1f-195100390624"}
{"timestamp": "2026-07-09T14:10:50.040376+00:00", "level": "INFO", "logger": "commercehub.request", "message": "request completed", "request_id": "4c41478e-2b7c-436c-99e0-e1f237eeef2f"}
{"timestamp": "2026-07-09T14:10:50.040580+00:00", "level": "INFO", "logger": "commercehub.request", "message": "request completed", "request_id": "28d65d8a-0bef-4167-b854-40f944bab6fb"}
{"timestamp": "2026-07-09T14:10:50.041090+00:00", "level": "INFO", "logger": "commercehub.request", "message": "request completed", "request_id": "ee2a058f-1f80-47a9-83fc-aaa663c9e9fa"}
{"timestamp": "2026-07-09T14:10:50.049431+00:00", "level": "INFO", "logger": "commercehub.request", "message": "request completed", "request_id": "96c956c9-4c7b-4354-8c0f-762cbe988de9"}
{"timestamp": "2026-07-09T14:10:50.065572+00:00", "level": "INFO", "logger": "commercehub.request", "message": "request completed", "request_id": "204af6e3-7710-4aa2-a29e-76e3be84964e"}
{"timestamp": "2026-07-09T14:10:50.065843+00:00", "level": "INFO", "logger": "commercehub.request", "message": "request completed", "request_id": "9107409f-b29e-4e2c-b701-4a393cdf5c04"}
{"timestamp": "2026-07-09T14:10:50.065915+00:00", "level": "INFO", "logger": "commercehub.request", "message": "request completed", "request_id": "fd6ecd4e-d2d4-4886-95ff-9cf41144cf1c"}
{"timestamp": "2026-07-09T14:10:50.067398+00:00", "level": "INFO", "logger": "commercehub.request", "message": "request completed", "request_id": "c5ce398c-c342-4fcd-b720-740d28abcd96"}
{"timestamp": "2026-07-09T14:10:50.070357+00:00", "level": "INFO", "logger": "commercehub.request", "message": "request completed", "request_id": "223f8d0a-7d0e-42a6-a6c4-d4f5815a542d"}
{"timestamp": "2026-07-09T14:10:50.072324+00:00", "level": "INFO", "logger": "commercehub.request", "message": "request completed", "request_id": "33b5dae8-027c-475b-a6c3-c051e2279bdf"}
{"timestamp": "2026-07-09T14:10:50.081470+00:00", "level": "INFO", "logger": "commercehub.request", "message": "request completed", "request_id": "e4cddfde-caa3-4ee6-ba59-665dc5ed88fe"}
{"timestamp": "2026-07-09T14:10:51.427684+00:00", "level": "INFO", "logger": "commercehub.request", "message": "request completed", "request_id": "d63c4a87-d79f-468a-9967-12c477a3ec97"}
{"timestamp": "2026-07-09T14:10:51.428089+00:00", "level": "INFO", "logger": "commercehub.request", "message": "request completed", "request_id": "93ece20c-5bea-48e9-8da4-4d604791244f"}
{"timestamp": "2026-07-09T14:10:51.428316+00:00", "level": "INFO", "logger": "commercehub.request", "message": "request completed", "request_id": "bcb26a46-2e13-4175-99a2-d751277cd7b4"}
{"timestamp": "2026-07-09T14:10:51.428826+00:00", "level": "INFO", "logger": "commercehub.request", "message": "request completed", "request_id": "0df862a0-5ae0-4331-8def-1c1df0eb3997"}
{"timestamp": "2026-07-09T14:10:51.455143+00:00", "level": "INFO", "logger": "commercehub.request", "message": "request completed", "request_id": "607d6c58-91f8-4423-9585-1d165cec2ffc"}
{"timestamp": "2026-07-09T14:10:51.456488+00:00", "level": "INFO", "logger": "commercehub.request", "message": "request completed", "request_id": "d0cad09f-bd1e-4a38-8c87-1de5297e9bf8"}
{"timestamp": "2026-07-09T14:10:51.456960+00:00", "level": "INFO", "logger": "commercehub.request", "message": "request completed", "request_id": "d2ba72be-1b73-4b5e-b1fe-d47d632f42f3"}
{"timestamp": "2026-07-09T14:10:51.457929+00:00", "level": "INFO", "logger": "commercehub.request", "message": "request completed", "request_id": "d7adc018-054d-448a-82d0-f85fe62d8823"}
{"timestamp": "2026-07-09T14:10:52.236942+00:00", "level": "INFO", "logger": "commercehub.request", "message": "request completed", "request_id": "2193f177-6812-4278-86a6-545565160d3b"}
{"timestamp": "2026-07-09T14:10:52.237154+00:00", "level": "INFO", "logger": "commercehub.request", "message": "request completed", "request_id": "3b825231-bf71-4c37-8674-d1580cb390e8"}
{"timestamp": "2026-07-09T14:10:52.257689+00:00", "level": "INFO", "logger": "commercehub.request", "message": "request completed", "request_id": "6a254842-58d3-435a-8e73-832b3bb63892"}
{"timestamp": "2026-07-09T14:10:52.257886+00:00", "level": "INFO", "logger": "commercehub.request", "message": "request completed", "request_id": "6e6ad391-2879-4542-a0e7-8b04bc785336"}
{"timestamp": "2026-07-09T14:10:53.738523+00:00", "level": "INFO", "logger": "commercehub.request", "message": "request completed", "request_id": "9a42bf72-ab68-479a-bb57-f6b9d61ff8a9"}
{"timestamp": "2026-07-09T14:10:53.742773+00:00", "level": "INFO", "logger": "commercehub.request", "message": "request completed", "request_id": "275e23e2-510b-4765-9f76-1ee3e9ca5467"}
{"timestamp": "2026-07-09T14:56:44.701326+00:00", "level": "INFO", "logger": "commercehub.request", "message": "request completed", "request_id": "37a35e80-5cea-4a1f-be14-b4fa8306aa3a"}
{"timestamp": "2026-07-09T14:56:44.824647+00:00", "level": "INFO", "logger": "commercehub.request", "message": "request completed", "request_id": "7823b335-6b35-4d9c-b93b-6716a8853b9a"}
{"timestamp": "2026-07-09T15:09:15.279373+00:00", "level": "INFO", "logger": "commercehub.request", "message": "request completed", "request_id": "5fa5664c-9f48-487c-bc15-3150c47f5627"}
{"timestamp": "2026-07-09T15:09:15.326239+00:00", "level": "INFO", "logger": "commercehub.request", "message": "request completed", "request_id": "358a7d92-e173-4bdf-85fa-1ded810afb0d"}
{"timestamp": "2026-07-09T15:09:16.270333+00:00", "level": "INFO", "logger": "commercehub.request", "message": "request completed", "request_id": "44844ac0-806d-4e58-ab3d-9a49146ac654"}
{"timestamp": "2026-07-09T15:09:16.270601+00:00", "level": "INFO", "logger": "commercehub.request", "message": "request completed", "request_id": "18be80e3-fcb5-42cc-b0fd-eaec388f408d"}
{"timestamp": "2026-07-09T15:09:16.338276+00:00", "level": "INFO", "logger": "commercehub.request", "message": "request completed", "request_id": "ecebaf29-7e06-4ecc-828b-a0faeaf0ec3b"}
{"timestamp": "2026-07-09T15:09:16.340960+00:00", "level": "INFO", "logger": "commercehub.request", "message": "request completed", "request_id": "83f221dc-7f41-4e4d-9c70-f06d38e75e81"}
